[DEBUG] 18-06-2026 01:53:04 [main] [org.testng.TestNG] - suiteXmlPath: "C:\Users\Sama7h\AppData\Local\JetBrains\IntelliJIdea2026.1\temp-testng-customsuite.xml"
[TRACE] 18-06-2026 01:53:06 [main] [org.testng.internal.Graph] - [Graph] ADDING NODE LoginTests.setup()[pri:0, instance:null] 142720580
[TRACE] 18-06-2026 01:53:06 [main] [org.testng.internal.Graph] - [Graph] ================ SORTING
[TRACE] 18-06-2026 01:53:06 [main] [org.testng.internal.Graph] - [Graph] =============== DONE SORTING
[TRACE] 18-06-2026 01:53:06 [main] [org.testng.internal.Graph] - [Graph] ====== SORTED NODES
[TRACE] 18-06-2026 01:53:06 [main] [org.testng.internal.Graph] - [Graph] ====== END SORTED NODES
[TRACE] 18-06-2026 01:53:06 [main] [org.testng.internal.Graph] - [Graph] ADDING NODE LoginTests.tearDown()[pri:0, instance:null] -1831903589
[TRACE] 18-06-2026 01:53:06 [main] [org.testng.internal.Graph] - [Graph] ================ SORTING
[TRACE] 18-06-2026 01:53:06 [main] [org.testng.internal.Graph] - [Graph] =============== DONE SORTING
[TRACE] 18-06-2026 01:53:06 [main] [org.testng.internal.Graph] - [Graph] ====== SORTED NODES
[TRACE] 18-06-2026 01:53:06 [main] [org.testng.internal.Graph] - [Graph] ====== END SORTED NODES
[TRACE] 18-06-2026 01:53:06 [main] [org.testng.internal.Graph] - [Graph] ADDING NODE LoginTests.EmptyFields()[pri:0, instance:LoginTests@748f93bb] 2061118750
[TRACE] 18-06-2026 01:53:06 [main] [org.testng.internal.Graph] - [Graph] ================ SORTING
[TRACE] 18-06-2026 01:53:06 [main] [org.testng.internal.Graph] - [Graph] =============== DONE SORTING
[TRACE] 18-06-2026 01:53:06 [main] [org.testng.internal.Graph] - [Graph] ====== SORTED NODES
[TRACE] 18-06-2026 01:53:06 [main] [org.testng.internal.Graph] - [Graph] ====== END SORTED NODES
[INFO] 18-06-2026 01:53:06 [main] [org.testng.internal.Utils] - [TestNG] Running:
  C:\Users\Sama7h\AppData\Local\JetBrains\IntelliJIdea2026.1\temp-testng-customsuite.xml

[INFO] 18-06-2026 01:53:06 [main] [com.Ecommercee.drivers.GUIDriver] - Initializing driver for browser: Edge
[INFO] 18-06-2026 01:53:11 [main] [com.Ecommercee.utiles.actions.BrowserActions] - Navigating to URL: https://automationexercise.com/login
[INFO] 18-06-2026 01:53:12 [main] [com.Ecommercee.utiles.actions.ElementActions] - Clicked on element: By.cssSelector: [data-qa='login-button']
[INFO] 18-06-2026 01:53:12 [main] [com.Ecommercee.utiles.actions.BrowserActions] - Current URL: https://automationexercise.com/login
