[DEBUG] 21-06-2026 01:51:36 [main] [org.testng.TestNG] - suiteXmlPath: "C:\Users\Sama7h\AppData\Local\JetBrains\IntelliJIdea2026.1\temp-testng-customsuite.xml"
[TRACE] 21-06-2026 01:51:38 [main] [org.testng.internal.Graph] - [Graph] ADDING NODE PaymentTests.setup()[pri:0, instance:null] -317789755
[TRACE] 21-06-2026 01:51:38 [main] [org.testng.internal.Graph] - [Graph] ================ SORTING
[TRACE] 21-06-2026 01:51:38 [main] [org.testng.internal.Graph] - [Graph] =============== DONE SORTING
[TRACE] 21-06-2026 01:51:38 [main] [org.testng.internal.Graph] - [Graph] ====== SORTED NODES
[TRACE] 21-06-2026 01:51:38 [main] [org.testng.internal.Graph] - [Graph] ====== END SORTED NODES
[TRACE] 21-06-2026 01:51:38 [main] [org.testng.internal.Graph] - [Graph] ADDING NODE PaymentTests.tearDown()[pri:0, instance:null] 2000685598
[TRACE] 21-06-2026 01:51:38 [main] [org.testng.internal.Graph] - [Graph] ================ SORTING
[TRACE] 21-06-2026 01:51:38 [main] [org.testng.internal.Graph] - [Graph] =============== DONE SORTING
[TRACE] 21-06-2026 01:51:38 [main] [org.testng.internal.Graph] - [Graph] ====== SORTED NODES
[TRACE] 21-06-2026 01:51:38 [main] [org.testng.internal.Graph] - [Graph] ====== END SORTED NODES
[TRACE] 21-06-2026 01:51:38 [main] [org.testng.internal.Graph] - [Graph] ADDING NODE PaymentTests.tc_payment_empty_fields()[pri:0, instance:PaymentTests@29ebbdf4] -1481185530
[TRACE] 21-06-2026 01:51:38 [main] [org.testng.internal.Graph] - [Graph] ================ SORTING
[TRACE] 21-06-2026 01:51:38 [main] [org.testng.internal.Graph] - [Graph] =============== DONE SORTING
[TRACE] 21-06-2026 01:51:38 [main] [org.testng.internal.Graph] - [Graph] ====== SORTED NODES
[TRACE] 21-06-2026 01:51:38 [main] [org.testng.internal.Graph] - [Graph] ====== END SORTED NODES
[INFO] 21-06-2026 01:51:38 [main] [org.testng.internal.Utils] - [TestNG] Running:
  C:\Users\Sama7h\AppData\Local\JetBrains\IntelliJIdea2026.1\temp-testng-customsuite.xml

[INFO] 21-06-2026 01:51:38 [main] [com.Ecommercee.drivers.GUIDriver] - Initializing driver for browser: Edge
[INFO] 21-06-2026 01:51:45 [main] [com.Ecommercee.utiles.actions.BrowserActions] - Navigating to URL: https://automationexercise.com/payment
[INFO] 21-06-2026 01:51:46 [main] [com.Ecommercee.utiles.actions.ElementActions] - Clicked on element: By.id: submit
