[DEBUG] 18-06-2026 14:55:49 [main] [org.testng.TestNG] - suiteXmlPath: "C:\Users\Sama7h\AppData\Local\JetBrains\IntelliJIdea2026.1\temp-testng-customsuite.xml"
[TRACE] 18-06-2026 14:55:51 [main] [org.testng.internal.Graph] - [Graph] ADDING NODE HomeTests.setup()[pri:0, instance:null] -208304578
[TRACE] 18-06-2026 14:55:51 [main] [org.testng.internal.Graph] - [Graph] ================ SORTING
[TRACE] 18-06-2026 14:55:51 [main] [org.testng.internal.Graph] - [Graph] =============== DONE SORTING
[TRACE] 18-06-2026 14:55:51 [main] [org.testng.internal.Graph] - [Graph] ====== SORTED NODES
[TRACE] 18-06-2026 14:55:51 [main] [org.testng.internal.Graph] - [Graph] ====== END SORTED NODES
[TRACE] 18-06-2026 14:55:51 [main] [org.testng.internal.Graph] - [Graph] ADDING NODE HomeTests.tearDown()[pri:0, instance:null] 1775986277
[TRACE] 18-06-2026 14:55:51 [main] [org.testng.internal.Graph] - [Graph] ================ SORTING
[TRACE] 18-06-2026 14:55:51 [main] [org.testng.internal.Graph] - [Graph] =============== DONE SORTING
[TRACE] 18-06-2026 14:55:51 [main] [org.testng.internal.Graph] - [Graph] ====== SORTED NODES
[TRACE] 18-06-2026 14:55:51 [main] [org.testng.internal.Graph] - [Graph] ====== END SORTED NODES
[TRACE] 18-06-2026 14:55:51 [main] [org.testng.internal.Graph] - [Graph] ADDING NODE LoginTests.setup()[pri:0, instance:null] 142720580
[TRACE] 18-06-2026 14:55:51 [main] [org.testng.internal.Graph] - [Graph] ================ SORTING
[TRACE] 18-06-2026 14:55:51 [main] [org.testng.internal.Graph] - [Graph] =============== DONE SORTING
[TRACE] 18-06-2026 14:55:51 [main] [org.testng.internal.Graph] - [Graph] ====== SORTED NODES
[TRACE] 18-06-2026 14:55:51 [main] [org.testng.internal.Graph] - [Graph] ====== END SORTED NODES
[TRACE] 18-06-2026 14:55:51 [main] [org.testng.internal.Graph] - [Graph] ADDING NODE LoginTests.tearDown()[pri:0, instance:null] -1831903589
[TRACE] 18-06-2026 14:55:51 [main] [org.testng.internal.Graph] - [Graph] ================ SORTING
[TRACE] 18-06-2026 14:55:51 [main] [org.testng.internal.Graph] - [Graph] =============== DONE SORTING
[TRACE] 18-06-2026 14:55:51 [main] [org.testng.internal.Graph] - [Graph] ====== SORTED NODES
[TRACE] 18-06-2026 14:55:51 [main] [org.testng.internal.Graph] - [Graph] ====== END SORTED NODES
[TRACE] 18-06-2026 14:55:51 [main] [org.testng.internal.Graph] - [Graph] ADDING NODE RegisterTests.setup()[pri:0, instance:null] -626968702
[TRACE] 18-06-2026 14:55:51 [main] [org.testng.internal.Graph] - [Graph] ================ SORTING
[TRACE] 18-06-2026 14:55:51 [main] [org.testng.internal.Graph] - [Graph] =============== DONE SORTING
[TRACE] 18-06-2026 14:55:51 [main] [org.testng.internal.Graph] - [Graph] ====== SORTED NODES
[TRACE] 18-06-2026 14:55:51 [main] [org.testng.internal.Graph] - [Graph] ====== END SORTED NODES
[TRACE] 18-06-2026 14:55:51 [main] [org.testng.internal.Graph] - [Graph] ADDING NODE RegisterTests.tearDown()[pri:0, instance:null] 1089460057
[TRACE] 18-06-2026 14:55:51 [main] [org.testng.internal.Graph] - [Graph] ================ SORTING
[TRACE] 18-06-2026 14:55:51 [main] [org.testng.internal.Graph] - [Graph] =============== DONE SORTING
[TRACE] 18-06-2026 14:55:51 [main] [org.testng.internal.Graph] - [Graph] ====== SORTED NODES
[TRACE] 18-06-2026 14:55:51 [main] [org.testng.internal.Graph] - [Graph] ====== END SORTED NODES
[TRACE] 18-06-2026 14:55:51 [main] [org.testng.internal.Graph] - [Graph] ADDING NODE HomeTests.verifySubscriptionAndScrollUpSuccessfully()[pri:0, instance:HomeTests@346f41a9] 1323993240
[TRACE] 18-06-2026 14:55:51 [main] [org.testng.internal.Graph] - [Graph] ADDING NODE HomeTests.tc()[pri:0, instance:HomeTests@346f41a9] -510405379
[TRACE] 18-06-2026 14:55:51 [main] [org.testng.internal.Graph] - [Graph] ADDING NODE LoginTests.validLogin()[pri:0, instance:LoginTests@314b9e4b] -2044449769
[TRACE] 18-06-2026 14:55:51 [main] [org.testng.internal.Graph] - [Graph] ADDING NODE LoginTests.loginWithEmptyFields()[pri:0, instance:LoginTests@314b9e4b] -1045480291
[TRACE] 18-06-2026 14:55:51 [main] [org.testng.internal.Graph] - [Graph] ADDING NODE LoginTests.invalidEmailLogin()[pri:0, instance:LoginTests@314b9e4b] -1558815056
[TRACE] 18-06-2026 14:55:51 [main] [org.testng.internal.Graph] - [Graph] ADDING NODE RegisterTests.existUser()[pri:0, instance:RegisterTests@3f81621c] 174734049
[TRACE] 18-06-2026 14:55:51 [main] [org.testng.internal.Graph] - [Graph] ADDING NODE RegisterTests.newUser()[pri:0, instance:RegisterTests@3f81621c] -925973528
[TRACE] 18-06-2026 14:55:51 [main] [org.testng.internal.Graph] - [Graph] ================ SORTING
[TRACE] 18-06-2026 14:55:51 [main] [org.testng.internal.Graph] - [Graph] =============== DONE SORTING
[TRACE] 18-06-2026 14:55:51 [main] [org.testng.internal.Graph] - [Graph] ====== SORTED NODES
[TRACE] 18-06-2026 14:55:51 [main] [org.testng.internal.Graph] - [Graph] ====== END SORTED NODES
[INFO] 18-06-2026 14:55:51 [main] [org.testng.internal.Utils] - [TestNG] Running:
  C:\Users\Sama7h\AppData\Local\JetBrains\IntelliJIdea2026.1\temp-testng-customsuite.xml

[INFO] 18-06-2026 14:55:51 [main] [com.Ecommercee.drivers.GUIDriver] - Initializing driver for browser: Edge
[INFO] 18-06-2026 14:56:00 [main] [com.Ecommercee.utiles.actions.BrowserActions] - Navigating to URL: https://automationexercise.com
[INFO] 18-06-2026 14:56:01 [main] [com.Ecommercee.utiles.actions.ElementActions] - Clicked on element: By.cssSelector: [id="scrollUp"]
[INFO] 18-06-2026 14:56:03 [main] [com.Ecommercee.drivers.GUIDriver] - Initializing driver for browser: Edge
[INFO] 18-06-2026 14:56:09 [main] [com.Ecommercee.utiles.actions.BrowserActions] - Navigating to URL: https://automationexercise.com
[DEBUG] 18-06-2026 14:56:12 [main] [com.jayway.jsonpath.internal.path.CompiledPath] - Evaluating path: $['email']
[INFO] 18-06-2026 14:56:13 [main] [com.Ecommercee.utiles.actions.ElementActions] - Clicked on element: By.xpath: //button[@id='subscribe']
[DEBUG] 18-06-2026 14:56:13 [main] [com.jayway.jsonpath.internal.path.CompiledPath] - Evaluating path: $['message']
[INFO] 18-06-2026 14:56:15 [main] [com.Ecommercee.utiles.actions.ElementActions] - Got text '' from element: By.xpath: //*[normalize-space(text())='You have been successfully subscribed!']
[INFO] 18-06-2026 14:56:17 [main] [com.Ecommercee.utiles.actions.ElementActions] - Got text '' from element: By.xpath: //*[normalize-space(text())='You have been successfully subscribed!']
[INFO] 18-06-2026 14:56:18 [main] [com.Ecommercee.utiles.actions.ElementActions] - Got text '' from element: By.xpath: //*[normalize-space(text())='You have been successfully subscribed!']
[INFO] 18-06-2026 14:56:20 [main] [com.Ecommercee.utiles.actions.ElementActions] - Got text '' from element: By.xpath: //*[normalize-space(text())='You have been successfully subscribed!']
[INFO] 18-06-2026 14:56:21 [main] [com.Ecommercee.utiles.actions.ElementActions] - Got text '' from element: By.xpath: //*[normalize-space(text())='You have been successfully subscribed!']
[INFO] 18-06-2026 14:56:22 [main] [com.Ecommercee.utiles.actions.ElementActions] - Got text '' from element: By.xpath: //*[normalize-space(text())='You have been successfully subscribed!']
[INFO] 18-06-2026 14:56:23 [main] [com.Ecommercee.utiles.actions.ElementActions] - Got text '' from element: By.xpath: //*[normalize-space(text())='You have been successfully subscribed!']
[INFO] 18-06-2026 14:56:24 [main] [com.Ecommercee.utiles.actions.ElementActions] - Got text '' from element: By.xpath: //*[normalize-space(text())='You have been successfully subscribed!']
[TRACE] 18-06-2026 14:56:24 [main] [io.qameta.allure.util.ReflectionUtils] - Unable to read value via field actualDefined
java.lang.NoSuchFieldException: actualDefined
	at java.base/java.lang.Class.getField(Class.java:2070)
	at io.qameta.allure.util.ReflectionUtils.getFieldValue(ReflectionUtils.java:76)
	at io.qameta.allure.util.ReflectionUtils.getValue(ReflectionUtils.java:54)
	at io.qameta.allure.util.ReflectionUtils.getBooleanValue(ReflectionUtils.java:69)
	at io.qameta.allure.util.ResultsUtils.getRichErrorProperty(ResultsUtils.java:875)
	at io.qameta.allure.util.ResultsUtils.lambda$getStatusDetails$8(ResultsUtils.java:719)
	at java.base/java.util.Optional.map(Optional.java:260)
	at io.qameta.allure.util.ResultsUtils.getStatusDetails(ResultsUtils.java:711)
	at io.qameta.allure.aspects.StepsAspects.lambda$stepFailed$0(StepsAspects.java:106)
	at io.qameta.allure.AllureLifecycle.updateStep(AllureLifecycle.java:520)
	at io.qameta.allure.AllureLifecycle.updateStep(AllureLifecycle.java:501)
	at io.qameta.allure.aspects.StepsAspects.stepFailed(StepsAspects.java:103)
	at com.Ecommercee.Pages.HomePage.verifySubscriptionSuccessMessage(HomePage.java:125)
	at HomeTests.verifySubscriptionAndScrollUpSuccessfully(HomeTests.java:44)
	at java.base/jdk.internal.reflect.DirectMethodHandleAccessor.invoke(DirectMethodHandleAccessor.java:104)
	at java.base/java.lang.reflect.Method.invoke(Method.java:565)
	at org.testng.internal.invokers.MethodInvocationHelper.invokeMethod(MethodInvocationHelper.java:141)
	at org.testng.internal.invokers.TestInvoker.invokeMethod(TestInvoker.java:697)
	at org.testng.internal.invokers.TestInvoker.invokeTestMethod(TestInvoker.java:230)
	at org.testng.internal.invokers.MethodRunner.runInSequence(MethodRunner.java:63)
	at org.testng.internal.invokers.TestInvoker$MethodInvocationAgent.invoke(TestInvoker.java:1005)
	at org.testng.internal.invokers.TestInvoker.invokeTestMethods(TestInvoker.java:203)
	at org.testng.internal.invokers.TestMethodWorker.invokeTestMethods(TestMethodWorker.java:154)
	at org.testng.internal.invokers.TestMethodWorker.run(TestMethodWorker.java:134)
	at java.base/java.util.ArrayList.forEach(ArrayList.java:1604)
	at org.testng.TestRunner.privateRun(TestRunner.java:744)
	at org.testng.TestRunner.run(TestRunner.java:616)
	at org.testng.SuiteRunner.runTest(SuiteRunner.java:421)
	at org.testng.SuiteRunner.runSequentially(SuiteRunner.java:413)
	at org.testng.SuiteRunner.privateRun(SuiteRunner.java:373)
	at org.testng.SuiteRunner.run(SuiteRunner.java:312)
	at org.testng.SuiteRunnerWorker.runSuite(SuiteRunnerWorker.java:52)
	at org.testng.SuiteRunnerWorker.run(SuiteRunnerWorker.java:95)
	at org.testng.TestNG.runSuitesSequentially(TestNG.java:1274)
	at org.testng.TestNG.runSuitesLocally(TestNG.java:1208)
	at org.testng.TestNG.runSuites(TestNG.java:1112)
	at org.testng.TestNG.run(TestNG.java:1079)
	at com.intellij.rt.testng.IDEARemoteTestNG.run(IDEARemoteTestNG.java:65)
	at com.intellij.rt.testng.RemoteTestNGStarter.main(RemoteTestNGStarter.java:109)
[TRACE] 18-06-2026 14:56:24 [main] [io.qameta.allure.util.ReflectionUtils] - Unable to read value via field actual
java.lang.NoSuchFieldException: actual
	at java.base/java.lang.Class.getField(Class.java:2070)
	at io.qameta.allure.util.ReflectionUtils.getFieldValue(ReflectionUtils.java:76)
	at io.qameta.allure.util.ReflectionUtils.getValue(ReflectionUtils.java:54)
	at io.qameta.allure.util.ResultsUtils.getRichErrorProperty(ResultsUtils.java:884)
	at io.qameta.allure.util.ResultsUtils.lambda$getStatusDetails$8(ResultsUtils.java:719)
	at java.base/java.util.Optional.map(Optional.java:260)
	at io.qameta.allure.util.ResultsUtils.getStatusDetails(ResultsUtils.java:711)
	at io.qameta.allure.aspects.StepsAspects.lambda$stepFailed$0(StepsAspects.java:106)
	at io.qameta.allure.AllureLifecycle.updateStep(AllureLifecycle.java:520)
	at io.qameta.allure.AllureLifecycle.updateStep(AllureLifecycle.java:501)
	at io.qameta.allure.aspects.StepsAspects.stepFailed(StepsAspects.java:103)
	at com.Ecommercee.Pages.HomePage.verifySubscriptionSuccessMessage(HomePage.java:125)
	at HomeTests.verifySubscriptionAndScrollUpSuccessfully(HomeTests.java:44)
	at java.base/jdk.internal.reflect.DirectMethodHandleAccessor.invoke(DirectMethodHandleAccessor.java:104)
	at java.base/java.lang.reflect.Method.invoke(Method.java:565)
	at org.testng.internal.invokers.MethodInvocationHelper.invokeMethod(MethodInvocationHelper.java:141)
	at org.testng.internal.invokers.TestInvoker.invokeMethod(TestInvoker.java:697)
	at org.testng.internal.invokers.TestInvoker.invokeTestMethod(TestInvoker.java:230)
	at org.testng.internal.invokers.MethodRunner.runInSequence(MethodRunner.java:63)
	at org.testng.internal.invokers.TestInvoker$MethodInvocationAgent.invoke(TestInvoker.java:1005)
	at org.testng.internal.invokers.TestInvoker.invokeTestMethods(TestInvoker.java:203)
	at org.testng.internal.invokers.TestMethodWorker.invokeTestMethods(TestMethodWorker.java:154)
	at org.testng.internal.invokers.TestMethodWorker.run(TestMethodWorker.java:134)
	at java.base/java.util.ArrayList.forEach(ArrayList.java:1604)
	at org.testng.TestRunner.privateRun(TestRunner.java:744)
	at org.testng.TestRunner.run(TestRunner.java:616)
	at org.testng.SuiteRunner.runTest(SuiteRunner.java:421)
	at org.testng.SuiteRunner.runSequentially(SuiteRunner.java:413)
	at org.testng.SuiteRunner.privateRun(SuiteRunner.java:373)
	at org.testng.SuiteRunner.run(SuiteRunner.java:312)
	at org.testng.SuiteRunnerWorker.runSuite(SuiteRunnerWorker.java:52)
	at org.testng.SuiteRunnerWorker.run(SuiteRunnerWorker.java:95)
	at org.testng.TestNG.runSuitesSequentially(TestNG.java:1274)
	at org.testng.TestNG.runSuitesLocally(TestNG.java:1208)
	at org.testng.TestNG.runSuites(TestNG.java:1112)
	at org.testng.TestNG.run(TestNG.java:1079)
	at com.intellij.rt.testng.IDEARemoteTestNG.run(IDEARemoteTestNG.java:65)
	at com.intellij.rt.testng.RemoteTestNGStarter.main(RemoteTestNGStarter.java:109)
[TRACE] 18-06-2026 14:56:24 [main] [io.qameta.allure.util.ReflectionUtils] - Unable to read value via field expectedDefined
java.lang.NoSuchFieldException: expectedDefined
	at java.base/java.lang.Class.getField(Class.java:2070)
	at io.qameta.allure.util.ReflectionUtils.getFieldValue(ReflectionUtils.java:76)
	at io.qameta.allure.util.ReflectionUtils.getValue(ReflectionUtils.java:54)
	at io.qameta.allure.util.ReflectionUtils.getBooleanValue(ReflectionUtils.java:69)
	at io.qameta.allure.util.ResultsUtils.getRichErrorProperty(ResultsUtils.java:875)
	at io.qameta.allure.util.ResultsUtils.lambda$getStatusDetails$8(ResultsUtils.java:720)
	at java.base/java.util.Optional.map(Optional.java:260)
	at io.qameta.allure.util.ResultsUtils.getStatusDetails(ResultsUtils.java:711)
	at io.qameta.allure.aspects.StepsAspects.lambda$stepFailed$0(StepsAspects.java:106)
	at io.qameta.allure.AllureLifecycle.updateStep(AllureLifecycle.java:520)
	at io.qameta.allure.AllureLifecycle.updateStep(AllureLifecycle.java:501)
	at io.qameta.allure.aspects.StepsAspects.stepFailed(StepsAspects.java:103)
	at com.Ecommercee.Pages.HomePage.verifySubscriptionSuccessMessage(HomePage.java:125)
	at HomeTests.verifySubscriptionAndScrollUpSuccessfully(HomeTests.java:44)
	at java.base/jdk.internal.reflect.DirectMethodHandleAccessor.invoke(DirectMethodHandleAccessor.java:104)
	at java.base/java.lang.reflect.Method.invoke(Method.java:565)
	at org.testng.internal.invokers.MethodInvocationHelper.invokeMethod(MethodInvocationHelper.java:141)
	at org.testng.internal.invokers.TestInvoker.invokeMethod(TestInvoker.java:697)
	at org.testng.internal.invokers.TestInvoker.invokeTestMethod(TestInvoker.java:230)
	at org.testng.internal.invokers.MethodRunner.runInSequence(MethodRunner.java:63)
	at org.testng.internal.invokers.TestInvoker$MethodInvocationAgent.invoke(TestInvoker.java:1005)
	at org.testng.internal.invokers.TestInvoker.invokeTestMethods(TestInvoker.java:203)
	at org.testng.internal.invokers.TestMethodWorker.invokeTestMethods(TestMethodWorker.java:154)
	at org.testng.internal.invokers.TestMethodWorker.run(TestMethodWorker.java:134)
	at java.base/java.util.ArrayList.forEach(ArrayList.java:1604)
	at org.testng.TestRunner.privateRun(TestRunner.java:744)
	at org.testng.TestRunner.run(TestRunner.java:616)
	at org.testng.SuiteRunner.runTest(SuiteRunner.java:421)
	at org.testng.SuiteRunner.runSequentially(SuiteRunner.java:413)
	at org.testng.SuiteRunner.privateRun(SuiteRunner.java:373)
	at org.testng.SuiteRunner.run(SuiteRunner.java:312)
	at org.testng.SuiteRunnerWorker.runSuite(SuiteRunnerWorker.java:52)
	at org.testng.SuiteRunnerWorker.run(SuiteRunnerWorker.java:95)
	at org.testng.TestNG.runSuitesSequentially(TestNG.java:1274)
	at org.testng.TestNG.runSuitesLocally(TestNG.java:1208)
	at org.testng.TestNG.runSuites(TestNG.java:1112)
	at org.testng.TestNG.run(TestNG.java:1079)
	at com.intellij.rt.testng.IDEARemoteTestNG.run(IDEARemoteTestNG.java:65)
	at com.intellij.rt.testng.RemoteTestNGStarter.main(RemoteTestNGStarter.java:109)
[TRACE] 18-06-2026 14:56:24 [main] [io.qameta.allure.util.ReflectionUtils] - Unable to read value via field expected
java.lang.NoSuchFieldException: expected
	at java.base/java.lang.Class.getField(Class.java:2070)
	at io.qameta.allure.util.ReflectionUtils.getFieldValue(ReflectionUtils.java:76)
	at io.qameta.allure.util.ReflectionUtils.getValue(ReflectionUtils.java:54)
	at io.qameta.allure.util.ResultsUtils.getRichErrorProperty(ResultsUtils.java:884)
	at io.qameta.allure.util.ResultsUtils.lambda$getStatusDetails$8(ResultsUtils.java:720)
	at java.base/java.util.Optional.map(Optional.java:260)
	at io.qameta.allure.util.ResultsUtils.getStatusDetails(ResultsUtils.java:711)
	at io.qameta.allure.aspects.StepsAspects.lambda$stepFailed$0(StepsAspects.java:106)
	at io.qameta.allure.AllureLifecycle.updateStep(AllureLifecycle.java:520)
	at io.qameta.allure.AllureLifecycle.updateStep(AllureLifecycle.java:501)
	at io.qameta.allure.aspects.StepsAspects.stepFailed(StepsAspects.java:103)
	at com.Ecommercee.Pages.HomePage.verifySubscriptionSuccessMessage(HomePage.java:125)
	at HomeTests.verifySubscriptionAndScrollUpSuccessfully(HomeTests.java:44)
	at java.base/jdk.internal.reflect.DirectMethodHandleAccessor.invoke(DirectMethodHandleAccessor.java:104)
	at java.base/java.lang.reflect.Method.invoke(Method.java:565)
	at org.testng.internal.invokers.MethodInvocationHelper.invokeMethod(MethodInvocationHelper.java:141)
	at org.testng.internal.invokers.TestInvoker.invokeMethod(TestInvoker.java:697)
	at org.testng.internal.invokers.TestInvoker.invokeTestMethod(TestInvoker.java:230)
	at org.testng.internal.invokers.MethodRunner.runInSequence(MethodRunner.java:63)
	at org.testng.internal.invokers.TestInvoker$MethodInvocationAgent.invoke(TestInvoker.java:1005)
	at org.testng.internal.invokers.TestInvoker.invokeTestMethods(TestInvoker.java:203)
	at org.testng.internal.invokers.TestMethodWorker.invokeTestMethods(TestMethodWorker.java:154)
	at org.testng.internal.invokers.TestMethodWorker.run(TestMethodWorker.java:134)
	at java.base/java.util.ArrayList.forEach(ArrayList.java:1604)
	at org.testng.TestRunner.privateRun(TestRunner.java:744)
	at org.testng.TestRunner.run(TestRunner.java:616)
	at org.testng.SuiteRunner.runTest(SuiteRunner.java:421)
	at org.testng.SuiteRunner.runSequentially(SuiteRunner.java:413)
	at org.testng.SuiteRunner.privateRun(SuiteRunner.java:373)
	at org.testng.SuiteRunner.run(SuiteRunner.java:312)
	at org.testng.SuiteRunnerWorker.runSuite(SuiteRunnerWorker.java:52)
	at org.testng.SuiteRunnerWorker.run(SuiteRunnerWorker.java:95)
	at org.testng.TestNG.runSuitesSequentially(TestNG.java:1274)
	at org.testng.TestNG.runSuitesLocally(TestNG.java:1208)
	at org.testng.TestNG.runSuites(TestNG.java:1112)
	at org.testng.TestNG.run(TestNG.java:1079)
	at com.intellij.rt.testng.IDEARemoteTestNG.run(IDEARemoteTestNG.java:65)
	at com.intellij.rt.testng.RemoteTestNGStarter.main(RemoteTestNGStarter.java:109)
[TRACE] 18-06-2026 14:56:24 [main] [io.qameta.allure.util.ReflectionUtils] - Unable to read value via field actualDefined
java.lang.NoSuchFieldException: actualDefined
	at java.base/java.lang.Class.getField(Class.java:2070)
	at io.qameta.allure.util.ReflectionUtils.getFieldValue(ReflectionUtils.java:76)
	at io.qameta.allure.util.ReflectionUtils.getValue(ReflectionUtils.java:54)
	at io.qameta.allure.util.ReflectionUtils.getBooleanValue(ReflectionUtils.java:69)
	at io.qameta.allure.util.ResultsUtils.getRichErrorProperty(ResultsUtils.java:875)
	at io.qameta.allure.util.ResultsUtils.lambda$getStatusDetails$8(ResultsUtils.java:719)
	at java.base/java.util.Optional.map(Optional.java:260)
	at io.qameta.allure.util.ResultsUtils.getStatusDetails(ResultsUtils.java:711)
	at io.qameta.allure.testng.AllureTestNg.stopTestCase(AllureTestNg.java:474)
	at io.qameta.allure.testng.AllureTestNg.onTestFailure(AllureTestNg.java:470)
	at org.testng.internal.TestListenerHelper.runTestListeners(TestListenerHelper.java:115)
	at org.testng.internal.invokers.TestInvoker.runTestResultListener(TestInvoker.java:296)
	at org.testng.internal.invokers.TestInvoker.invokeMethod(TestInvoker.java:787)
	at org.testng.internal.invokers.TestInvoker.invokeTestMethod(TestInvoker.java:230)
	at org.testng.internal.invokers.MethodRunner.runInSequence(MethodRunner.java:63)
	at org.testng.internal.invokers.TestInvoker$MethodInvocationAgent.invoke(TestInvoker.java:1005)
	at org.testng.internal.invokers.TestInvoker.invokeTestMethods(TestInvoker.java:203)
	at org.testng.internal.invokers.TestMethodWorker.invokeTestMethods(TestMethodWorker.java:154)
	at org.testng.internal.invokers.TestMethodWorker.run(TestMethodWorker.java:134)
	at java.base/java.util.ArrayList.forEach(ArrayList.java:1604)
	at org.testng.TestRunner.privateRun(TestRunner.java:744)
	at org.testng.TestRunner.run(TestRunner.java:616)
	at org.testng.SuiteRunner.runTest(SuiteRunner.java:421)
	at org.testng.SuiteRunner.runSequentially(SuiteRunner.java:413)
	at org.testng.SuiteRunner.privateRun(SuiteRunner.java:373)
	at org.testng.SuiteRunner.run(SuiteRunner.java:312)
	at org.testng.SuiteRunnerWorker.runSuite(SuiteRunnerWorker.java:52)
	at org.testng.SuiteRunnerWorker.run(SuiteRunnerWorker.java:95)
	at org.testng.TestNG.runSuitesSequentially(TestNG.java:1274)
	at org.testng.TestNG.runSuitesLocally(TestNG.java:1208)
	at org.testng.TestNG.runSuites(TestNG.java:1112)
	at org.testng.TestNG.run(TestNG.java:1079)
	at com.intellij.rt.testng.IDEARemoteTestNG.run(IDEARemoteTestNG.java:65)
	at com.intellij.rt.testng.RemoteTestNGStarter.main(RemoteTestNGStarter.java:109)
[TRACE] 18-06-2026 14:56:24 [main] [io.qameta.allure.util.ReflectionUtils] - Unable to read value via field actual
java.lang.NoSuchFieldException: actual
	at java.base/java.lang.Class.getField(Class.java:2070)
	at io.qameta.allure.util.ReflectionUtils.getFieldValue(ReflectionUtils.java:76)
	at io.qameta.allure.util.ReflectionUtils.getValue(ReflectionUtils.java:54)
	at io.qameta.allure.util.ResultsUtils.getRichErrorProperty(ResultsUtils.java:884)
	at io.qameta.allure.util.ResultsUtils.lambda$getStatusDetails$8(ResultsUtils.java:719)
	at java.base/java.util.Optional.map(Optional.java:260)
	at io.qameta.allure.util.ResultsUtils.getStatusDetails(ResultsUtils.java:711)
	at io.qameta.allure.testng.AllureTestNg.stopTestCase(AllureTestNg.java:474)
	at io.qameta.allure.testng.AllureTestNg.onTestFailure(AllureTestNg.java:470)
	at org.testng.internal.TestListenerHelper.runTestListeners(TestListenerHelper.java:115)
	at org.testng.internal.invokers.TestInvoker.runTestResultListener(TestInvoker.java:296)
	at org.testng.internal.invokers.TestInvoker.invokeMethod(TestInvoker.java:787)
	at org.testng.internal.invokers.TestInvoker.invokeTestMethod(TestInvoker.java:230)
	at org.testng.internal.invokers.MethodRunner.runInSequence(MethodRunner.java:63)
	at org.testng.internal.invokers.TestInvoker$MethodInvocationAgent.invoke(TestInvoker.java:1005)
	at org.testng.internal.invokers.TestInvoker.invokeTestMethods(TestInvoker.java:203)
	at org.testng.internal.invokers.TestMethodWorker.invokeTestMethods(TestMethodWorker.java:154)
	at org.testng.internal.invokers.TestMethodWorker.run(TestMethodWorker.java:134)
	at java.base/java.util.ArrayList.forEach(ArrayList.java:1604)
	at org.testng.TestRunner.privateRun(TestRunner.java:744)
	at org.testng.TestRunner.run(TestRunner.java:616)
	at org.testng.SuiteRunner.runTest(SuiteRunner.java:421)
	at org.testng.SuiteRunner.runSequentially(SuiteRunner.java:413)
	at org.testng.SuiteRunner.privateRun(SuiteRunner.java:373)
	at org.testng.SuiteRunner.run(SuiteRunner.java:312)
	at org.testng.SuiteRunnerWorker.runSuite(SuiteRunnerWorker.java:52)
	at org.testng.SuiteRunnerWorker.run(SuiteRunnerWorker.java:95)
	at org.testng.TestNG.runSuitesSequentially(TestNG.java:1274)
	at org.testng.TestNG.runSuitesLocally(TestNG.java:1208)
	at org.testng.TestNG.runSuites(TestNG.java:1112)
	at org.testng.TestNG.run(TestNG.java:1079)
	at com.intellij.rt.testng.IDEARemoteTestNG.run(IDEARemoteTestNG.java:65)
	at com.intellij.rt.testng.RemoteTestNGStarter.main(RemoteTestNGStarter.java:109)
[TRACE] 18-06-2026 14:56:24 [main] [io.qameta.allure.util.ReflectionUtils] - Unable to read value via field expectedDefined
java.lang.NoSuchFieldException: expectedDefined
	at java.base/java.lang.Class.getField(Class.java:2070)
	at io.qameta.allure.util.ReflectionUtils.getFieldValue(ReflectionUtils.java:76)
	at io.qameta.allure.util.ReflectionUtils.getValue(ReflectionUtils.java:54)
	at io.qameta.allure.util.ReflectionUtils.getBooleanValue(ReflectionUtils.java:69)
	at io.qameta.allure.util.ResultsUtils.getRichErrorProperty(ResultsUtils.java:875)
	at io.qameta.allure.util.ResultsUtils.lambda$getStatusDetails$8(ResultsUtils.java:720)
	at java.base/java.util.Optional.map(Optional.java:260)
	at io.qameta.allure.util.ResultsUtils.getStatusDetails(ResultsUtils.java:711)
	at io.qameta.allure.testng.AllureTestNg.stopTestCase(AllureTestNg.java:474)
	at io.qameta.allure.testng.AllureTestNg.onTestFailure(AllureTestNg.java:470)
	at org.testng.internal.TestListenerHelper.runTestListeners(TestListenerHelper.java:115)
	at org.testng.internal.invokers.TestInvoker.runTestResultListener(TestInvoker.java:296)
	at org.testng.internal.invokers.TestInvoker.invokeMethod(TestInvoker.java:787)
	at org.testng.internal.invokers.TestInvoker.invokeTestMethod(TestInvoker.java:230)
	at org.testng.internal.invokers.MethodRunner.runInSequence(MethodRunner.java:63)
	at org.testng.internal.invokers.TestInvoker$MethodInvocationAgent.invoke(TestInvoker.java:1005)
	at org.testng.internal.invokers.TestInvoker.invokeTestMethods(TestInvoker.java:203)
	at org.testng.internal.invokers.TestMethodWorker.invokeTestMethods(TestMethodWorker.java:154)
	at org.testng.internal.invokers.TestMethodWorker.run(TestMethodWorker.java:134)
	at java.base/java.util.ArrayList.forEach(ArrayList.java:1604)
	at org.testng.TestRunner.privateRun(TestRunner.java:744)
	at org.testng.TestRunner.run(TestRunner.java:616)
	at org.testng.SuiteRunner.runTest(SuiteRunner.java:421)
	at org.testng.SuiteRunner.runSequentially(SuiteRunner.java:413)
	at org.testng.SuiteRunner.privateRun(SuiteRunner.java:373)
	at org.testng.SuiteRunner.run(SuiteRunner.java:312)
	at org.testng.SuiteRunnerWorker.runSuite(SuiteRunnerWorker.java:52)
	at org.testng.SuiteRunnerWorker.run(SuiteRunnerWorker.java:95)
	at org.testng.TestNG.runSuitesSequentially(TestNG.java:1274)
	at org.testng.TestNG.runSuitesLocally(TestNG.java:1208)
	at org.testng.TestNG.runSuites(TestNG.java:1112)
	at org.testng.TestNG.run(TestNG.java:1079)
	at com.intellij.rt.testng.IDEARemoteTestNG.run(IDEARemoteTestNG.java:65)
	at com.intellij.rt.testng.RemoteTestNGStarter.main(RemoteTestNGStarter.java:109)
[TRACE] 18-06-2026 14:56:24 [main] [io.qameta.allure.util.ReflectionUtils] - Unable to read value via field expected
java.lang.NoSuchFieldException: expected
	at java.base/java.lang.Class.getField(Class.java:2070)
	at io.qameta.allure.util.ReflectionUtils.getFieldValue(ReflectionUtils.java:76)
	at io.qameta.allure.util.ReflectionUtils.getValue(ReflectionUtils.java:54)
	at io.qameta.allure.util.ResultsUtils.getRichErrorProperty(ResultsUtils.java:884)
	at io.qameta.allure.util.ResultsUtils.lambda$getStatusDetails$8(ResultsUtils.java:720)
	at java.base/java.util.Optional.map(Optional.java:260)
	at io.qameta.allure.util.ResultsUtils.getStatusDetails(ResultsUtils.java:711)
	at io.qameta.allure.testng.AllureTestNg.stopTestCase(AllureTestNg.java:474)
	at io.qameta.allure.testng.AllureTestNg.onTestFailure(AllureTestNg.java:470)
	at org.testng.internal.TestListenerHelper.runTestListeners(TestListenerHelper.java:115)
	at org.testng.internal.invokers.TestInvoker.runTestResultListener(TestInvoker.java:296)
	at org.testng.internal.invokers.TestInvoker.invokeMethod(TestInvoker.java:787)
	at org.testng.internal.invokers.TestInvoker.invokeTestMethod(TestInvoker.java:230)
	at org.testng.internal.invokers.MethodRunner.runInSequence(MethodRunner.java:63)
	at org.testng.internal.invokers.TestInvoker$MethodInvocationAgent.invoke(TestInvoker.java:1005)
	at org.testng.internal.invokers.TestInvoker.invokeTestMethods(TestInvoker.java:203)
	at org.testng.internal.invokers.TestMethodWorker.invokeTestMethods(TestMethodWorker.java:154)
	at org.testng.internal.invokers.TestMethodWorker.run(TestMethodWorker.java:134)
	at java.base/java.util.ArrayList.forEach(ArrayList.java:1604)
	at org.testng.TestRunner.privateRun(TestRunner.java:744)
	at org.testng.TestRunner.run(TestRunner.java:616)
	at org.testng.SuiteRunner.runTest(SuiteRunner.java:421)
	at org.testng.SuiteRunner.runSequentially(SuiteRunner.java:413)
	at org.testng.SuiteRunner.privateRun(SuiteRunner.java:373)
	at org.testng.SuiteRunner.run(SuiteRunner.java:312)
	at org.testng.SuiteRunnerWorker.runSuite(SuiteRunnerWorker.java:52)
	at org.testng.SuiteRunnerWorker.run(SuiteRunnerWorker.java:95)
	at org.testng.TestNG.runSuitesSequentially(TestNG.java:1274)
	at org.testng.TestNG.runSuitesLocally(TestNG.java:1208)
	at org.testng.TestNG.runSuites(TestNG.java:1112)
	at org.testng.TestNG.run(TestNG.java:1079)
	at com.intellij.rt.testng.IDEARemoteTestNG.run(IDEARemoteTestNG.java:65)
	at com.intellij.rt.testng.RemoteTestNGStarter.main(RemoteTestNGStarter.java:109)
[INFO] 18-06-2026 14:56:28 [main] [com.Ecommercee.drivers.GUIDriver] - Initializing driver for browser: Edge
[INFO] 18-06-2026 14:56:34 [main] [com.Ecommercee.utiles.actions.BrowserActions] - Navigating to URL: https://automationexercise.com/login
[DEBUG] 18-06-2026 14:56:34 [main] [com.jayway.jsonpath.internal.path.CompiledPath] - Evaluating path: $['invalidEmail']
[DEBUG] 18-06-2026 14:56:34 [main] [com.jayway.jsonpath.internal.path.CompiledPath] - Evaluating path: $['validPassword']
[INFO] 18-06-2026 14:56:34 [main] [com.Ecommercee.utiles.actions.ElementActions] - Typed text 'invalidemail@gmail.com' into element: By.cssSelector: [data-qa='login-email']
[INFO] 18-06-2026 14:56:34 [main] [com.Ecommercee.utiles.actions.ElementActions] - Typed text 'Test@123' into element: By.cssSelector: [data-qa='login-password']
[INFO] 18-06-2026 14:56:36 [main] [com.Ecommercee.utiles.actions.ElementActions] - Clicked on element: By.cssSelector: [data-qa='login-button']
[DEBUG] 18-06-2026 14:56:36 [main] [com.jayway.jsonpath.internal.path.CompiledPath] - Evaluating path: $['invalidEmailMsg']
[INFO] 18-06-2026 14:56:36 [main] [com.Ecommercee.utiles.actions.ElementActions] - Got text 'Your email or password is incorrect!' from element: By.xpath: //form[@action='/login']//p
[INFO] 18-06-2026 14:56:36 [main] [com.Ecommercee.drivers.GUIDriver] - Initializing driver for browser: Edge
[INFO] 18-06-2026 14:56:41 [main] [com.Ecommercee.utiles.actions.BrowserActions] - Navigating to URL: https://automationexercise.com/login
[INFO] 18-06-2026 14:56:43 [main] [com.Ecommercee.utiles.actions.ElementActions] - Clicked on element: By.cssSelector: [data-qa='login-button']
[INFO] 18-06-2026 14:56:52 [main] [com.Ecommercee.utiles.actions.BrowserActions] - Current URL: https://automationexercise.com/login
[INFO] 18-06-2026 14:56:53 [main] [com.Ecommercee.drivers.GUIDriver] - Initializing driver for browser: Edge
[INFO] 18-06-2026 14:56:58 [main] [com.Ecommercee.utiles.actions.BrowserActions] - Navigating to URL: https://automationexercise.com/login
[DEBUG] 18-06-2026 14:56:58 [main] [com.jayway.jsonpath.internal.path.CompiledPath] - Evaluating path: $['validEmail']
[DEBUG] 18-06-2026 14:56:58 [main] [com.jayway.jsonpath.internal.path.CompiledPath] - Evaluating path: $['validPassword']
[INFO] 18-06-2026 14:56:59 [main] [com.Ecommercee.utiles.actions.ElementActions] - Typed text 'testerqaeng@gmail.com' into element: By.cssSelector: [data-qa='login-email']
[INFO] 18-06-2026 14:57:00 [main] [com.Ecommercee.utiles.actions.ElementActions] - Typed text 'Test@123' into element: By.cssSelector: [data-qa='login-password']
[INFO] 18-06-2026 14:57:06 [main] [com.Ecommercee.utiles.actions.ElementActions] - Clicked on element: By.cssSelector: [data-qa='login-button']
[DEBUG] 18-06-2026 14:57:06 [main] [com.jayway.jsonpath.internal.path.CompiledPath] - Evaluating path: $['messages']
[INFO] 18-06-2026 14:57:07 [main] [com.Ecommercee.utiles.actions.ElementActions] - Got text 'Logged in as tester' from element: By.xpath: //a[contains(.,'Logged in as')]
[INFO] 18-06-2026 14:57:08 [main] [com.Ecommercee.utiles.actions.ElementActions] - Clicked on element: By.cssSelector: a[href='/logout']
[INFO] 18-06-2026 14:57:09 [main] [com.Ecommercee.drivers.GUIDriver] - Initializing driver for browser: Edge
[INFO] 18-06-2026 14:57:14 [main] [com.Ecommercee.utiles.actions.BrowserActions] - Navigating to URL: https://automationexercise.com/login
[DEBUG] 18-06-2026 14:57:14 [main] [com.jayway.jsonpath.internal.path.CompiledPath] - Evaluating path: $['name']
[DEBUG] 18-06-2026 14:57:14 [main] [com.jayway.jsonpath.internal.path.CompiledPath] - Evaluating path: $['existemail']
[INFO] 18-06-2026 14:57:15 [main] [com.Ecommercee.utiles.actions.ElementActions] - Typed text 'Automation_Test' into element: By.cssSelector: [data-qa='signup-name']
[INFO] 18-06-2026 14:57:15 [main] [com.Ecommercee.utiles.actions.ElementActions] - Typed text 'testerqaeng@gmail.com' into element: By.cssSelector: [data-qa='signup-email']
[INFO] 18-06-2026 14:57:17 [main] [com.Ecommercee.utiles.actions.ElementActions] - Clicked on element: By.cssSelector: [data-qa='signup-button']
[TRACE] 18-06-2026 14:57:20 [main] [io.qameta.allure.util.ReflectionUtils] - Unable to read value via field actualDefined
java.lang.NoSuchFieldException: actualDefined
	at java.base/java.lang.Class.getField(Class.java:2070)
	at io.qameta.allure.util.ReflectionUtils.getFieldValue(ReflectionUtils.java:76)
	at io.qameta.allure.util.ReflectionUtils.getValue(ReflectionUtils.java:54)
	at io.qameta.allure.util.ReflectionUtils.getBooleanValue(ReflectionUtils.java:69)
	at io.qameta.allure.util.ResultsUtils.getRichErrorProperty(ResultsUtils.java:875)
	at io.qameta.allure.util.ResultsUtils.lambda$getStatusDetails$8(ResultsUtils.java:719)
	at java.base/java.util.Optional.map(Optional.java:260)
	at io.qameta.allure.util.ResultsUtils.getStatusDetails(ResultsUtils.java:711)
	at io.qameta.allure.testng.AllureTestNg.stopTestCase(AllureTestNg.java:474)
	at io.qameta.allure.testng.AllureTestNg.onTestFailure(AllureTestNg.java:470)
	at org.testng.internal.TestListenerHelper.runTestListeners(TestListenerHelper.java:115)
	at org.testng.internal.invokers.TestInvoker.runTestResultListener(TestInvoker.java:296)
	at org.testng.internal.invokers.TestInvoker$MethodInvocationAgent.invoke(TestInvoker.java:981)
	at org.testng.internal.invokers.TestInvoker.invokeTestMethods(TestInvoker.java:203)
	at org.testng.internal.invokers.TestMethodWorker.invokeTestMethods(TestMethodWorker.java:154)
	at org.testng.internal.invokers.TestMethodWorker.run(TestMethodWorker.java:134)
	at java.base/java.util.ArrayList.forEach(ArrayList.java:1604)
	at org.testng.TestRunner.privateRun(TestRunner.java:744)
	at org.testng.TestRunner.run(TestRunner.java:616)
	at org.testng.SuiteRunner.runTest(SuiteRunner.java:421)
	at org.testng.SuiteRunner.runSequentially(SuiteRunner.java:413)
	at org.testng.SuiteRunner.privateRun(SuiteRunner.java:373)
	at org.testng.SuiteRunner.run(SuiteRunner.java:312)
	at org.testng.SuiteRunnerWorker.runSuite(SuiteRunnerWorker.java:52)
	at org.testng.SuiteRunnerWorker.run(SuiteRunnerWorker.java:95)
	at org.testng.TestNG.runSuitesSequentially(TestNG.java:1274)
	at org.testng.TestNG.runSuitesLocally(TestNG.java:1208)
	at org.testng.TestNG.runSuites(TestNG.java:1112)
	at org.testng.TestNG.run(TestNG.java:1079)
	at com.intellij.rt.testng.IDEARemoteTestNG.run(IDEARemoteTestNG.java:65)
	at com.intellij.rt.testng.RemoteTestNGStarter.main(RemoteTestNGStarter.java:109)
[TRACE] 18-06-2026 14:57:20 [main] [io.qameta.allure.util.ReflectionUtils] - Unable to read value via field actual
java.lang.NoSuchFieldException: actual
	at java.base/java.lang.Class.getField(Class.java:2070)
	at io.qameta.allure.util.ReflectionUtils.getFieldValue(ReflectionUtils.java:76)
	at io.qameta.allure.util.ReflectionUtils.getValue(ReflectionUtils.java:54)
	at io.qameta.allure.util.ResultsUtils.getRichErrorProperty(ResultsUtils.java:884)
	at io.qameta.allure.util.ResultsUtils.lambda$getStatusDetails$8(ResultsUtils.java:719)
	at java.base/java.util.Optional.map(Optional.java:260)
	at io.qameta.allure.util.ResultsUtils.getStatusDetails(ResultsUtils.java:711)
	at io.qameta.allure.testng.AllureTestNg.stopTestCase(AllureTestNg.java:474)
	at io.qameta.allure.testng.AllureTestNg.onTestFailure(AllureTestNg.java:470)
	at org.testng.internal.TestListenerHelper.runTestListeners(TestListenerHelper.java:115)
	at org.testng.internal.invokers.TestInvoker.runTestResultListener(TestInvoker.java:296)
	at org.testng.internal.invokers.TestInvoker$MethodInvocationAgent.invoke(TestInvoker.java:981)
	at org.testng.internal.invokers.TestInvoker.invokeTestMethods(TestInvoker.java:203)
	at org.testng.internal.invokers.TestMethodWorker.invokeTestMethods(TestMethodWorker.java:154)
	at org.testng.internal.invokers.TestMethodWorker.run(TestMethodWorker.java:134)
	at java.base/java.util.ArrayList.forEach(ArrayList.java:1604)
	at org.testng.TestRunner.privateRun(TestRunner.java:744)
	at org.testng.TestRunner.run(TestRunner.java:616)
	at org.testng.SuiteRunner.runTest(SuiteRunner.java:421)
	at org.testng.SuiteRunner.runSequentially(SuiteRunner.java:413)
	at org.testng.SuiteRunner.privateRun(SuiteRunner.java:373)
	at org.testng.SuiteRunner.run(SuiteRunner.java:312)
	at org.testng.SuiteRunnerWorker.runSuite(SuiteRunnerWorker.java:52)
	at org.testng.SuiteRunnerWorker.run(SuiteRunnerWorker.java:95)
	at org.testng.TestNG.runSuitesSequentially(TestNG.java:1274)
	at org.testng.TestNG.runSuitesLocally(TestNG.java:1208)
	at org.testng.TestNG.runSuites(TestNG.java:1112)
	at org.testng.TestNG.run(TestNG.java:1079)
	at com.intellij.rt.testng.IDEARemoteTestNG.run(IDEARemoteTestNG.java:65)
	at com.intellij.rt.testng.RemoteTestNGStarter.main(RemoteTestNGStarter.java:109)
[TRACE] 18-06-2026 14:57:20 [main] [io.qameta.allure.util.ReflectionUtils] - Unable to read value via field expectedDefined
java.lang.NoSuchFieldException: expectedDefined
	at java.base/java.lang.Class.getField(Class.java:2070)
	at io.qameta.allure.util.ReflectionUtils.getFieldValue(ReflectionUtils.java:76)
	at io.qameta.allure.util.ReflectionUtils.getValue(ReflectionUtils.java:54)
	at io.qameta.allure.util.ReflectionUtils.getBooleanValue(ReflectionUtils.java:69)
	at io.qameta.allure.util.ResultsUtils.getRichErrorProperty(ResultsUtils.java:875)
	at io.qameta.allure.util.ResultsUtils.lambda$getStatusDetails$8(ResultsUtils.java:720)
	at java.base/java.util.Optional.map(Optional.java:260)
	at io.qameta.allure.util.ResultsUtils.getStatusDetails(ResultsUtils.java:711)
	at io.qameta.allure.testng.AllureTestNg.stopTestCase(AllureTestNg.java:474)
	at io.qameta.allure.testng.AllureTestNg.onTestFailure(AllureTestNg.java:470)
	at org.testng.internal.TestListenerHelper.runTestListeners(TestListenerHelper.java:115)
	at org.testng.internal.invokers.TestInvoker.runTestResultListener(TestInvoker.java:296)
	at org.testng.internal.invokers.TestInvoker$MethodInvocationAgent.invoke(TestInvoker.java:981)
	at org.testng.internal.invokers.TestInvoker.invokeTestMethods(TestInvoker.java:203)
	at org.testng.internal.invokers.TestMethodWorker.invokeTestMethods(TestMethodWorker.java:154)
	at org.testng.internal.invokers.TestMethodWorker.run(TestMethodWorker.java:134)
	at java.base/java.util.ArrayList.forEach(ArrayList.java:1604)
	at org.testng.TestRunner.privateRun(TestRunner.java:744)
	at org.testng.TestRunner.run(TestRunner.java:616)
	at org.testng.SuiteRunner.runTest(SuiteRunner.java:421)
	at org.testng.SuiteRunner.runSequentially(SuiteRunner.java:413)
	at org.testng.SuiteRunner.privateRun(SuiteRunner.java:373)
	at org.testng.SuiteRunner.run(SuiteRunner.java:312)
	at org.testng.SuiteRunnerWorker.runSuite(SuiteRunnerWorker.java:52)
	at org.testng.SuiteRunnerWorker.run(SuiteRunnerWorker.java:95)
	at org.testng.TestNG.runSuitesSequentially(TestNG.java:1274)
	at org.testng.TestNG.runSuitesLocally(TestNG.java:1208)
	at org.testng.TestNG.runSuites(TestNG.java:1112)
	at org.testng.TestNG.run(TestNG.java:1079)
	at com.intellij.rt.testng.IDEARemoteTestNG.run(IDEARemoteTestNG.java:65)
	at com.intellij.rt.testng.RemoteTestNGStarter.main(RemoteTestNGStarter.java:109)
[TRACE] 18-06-2026 14:57:20 [main] [io.qameta.allure.util.ReflectionUtils] - Unable to read value via field expected
java.lang.NoSuchFieldException: expected
	at java.base/java.lang.Class.getField(Class.java:2070)
	at io.qameta.allure.util.ReflectionUtils.getFieldValue(ReflectionUtils.java:76)
	at io.qameta.allure.util.ReflectionUtils.getValue(ReflectionUtils.java:54)
	at io.qameta.allure.util.ResultsUtils.getRichErrorProperty(ResultsUtils.java:884)
	at io.qameta.allure.util.ResultsUtils.lambda$getStatusDetails$8(ResultsUtils.java:720)
	at java.base/java.util.Optional.map(Optional.java:260)
	at io.qameta.allure.util.ResultsUtils.getStatusDetails(ResultsUtils.java:711)
	at io.qameta.allure.testng.AllureTestNg.stopTestCase(AllureTestNg.java:474)
	at io.qameta.allure.testng.AllureTestNg.onTestFailure(AllureTestNg.java:470)
	at org.testng.internal.TestListenerHelper.runTestListeners(TestListenerHelper.java:115)
	at org.testng.internal.invokers.TestInvoker.runTestResultListener(TestInvoker.java:296)
	at org.testng.internal.invokers.TestInvoker$MethodInvocationAgent.invoke(TestInvoker.java:981)
	at org.testng.internal.invokers.TestInvoker.invokeTestMethods(TestInvoker.java:203)
	at org.testng.internal.invokers.TestMethodWorker.invokeTestMethods(TestMethodWorker.java:154)
	at org.testng.internal.invokers.TestMethodWorker.run(TestMethodWorker.java:134)
	at java.base/java.util.ArrayList.forEach(ArrayList.java:1604)
	at org.testng.TestRunner.privateRun(TestRunner.java:744)
	at org.testng.TestRunner.run(TestRunner.java:616)
	at org.testng.SuiteRunner.runTest(SuiteRunner.java:421)
	at org.testng.SuiteRunner.runSequentially(SuiteRunner.java:413)
	at org.testng.SuiteRunner.privateRun(SuiteRunner.java:373)
	at org.testng.SuiteRunner.run(SuiteRunner.java:312)
	at org.testng.SuiteRunnerWorker.runSuite(SuiteRunnerWorker.java:52)
	at org.testng.SuiteRunnerWorker.run(SuiteRunnerWorker.java:95)
	at org.testng.TestNG.runSuitesSequentially(TestNG.java:1274)
	at org.testng.TestNG.runSuitesLocally(TestNG.java:1208)
	at org.testng.TestNG.runSuites(TestNG.java:1112)
	at org.testng.TestNG.run(TestNG.java:1079)
	at com.intellij.rt.testng.IDEARemoteTestNG.run(IDEARemoteTestNG.java:65)
	at com.intellij.rt.testng.RemoteTestNGStarter.main(RemoteTestNGStarter.java:109)
