[DEBUG] 18-06-2026 17:25:00 [main] [org.testng.TestNG] - suiteXmlPath: "C:\Users\Sama7h\AppData\Local\JetBrains\IntelliJIdea2026.1\temp-testng-customsuite.xml"
[TRACE] 18-06-2026 17:25:02 [main] [org.testng.internal.Graph] - [Graph] ADDING NODE RegisterTests.setup()[pri:0, instance:null] -626968702
[TRACE] 18-06-2026 17:25:02 [main] [org.testng.internal.Graph] - [Graph] ================ SORTING
[TRACE] 18-06-2026 17:25:02 [main] [org.testng.internal.Graph] - [Graph] =============== DONE SORTING
[TRACE] 18-06-2026 17:25:02 [main] [org.testng.internal.Graph] - [Graph] ====== SORTED NODES
[TRACE] 18-06-2026 17:25:02 [main] [org.testng.internal.Graph] - [Graph] ====== END SORTED NODES
[TRACE] 18-06-2026 17:25:02 [main] [org.testng.internal.Graph] - [Graph] ADDING NODE RegisterTests.tearDown()[pri:0, instance:null] 1089460057
[TRACE] 18-06-2026 17:25:02 [main] [org.testng.internal.Graph] - [Graph] ================ SORTING
[TRACE] 18-06-2026 17:25:02 [main] [org.testng.internal.Graph] - [Graph] =============== DONE SORTING
[TRACE] 18-06-2026 17:25:02 [main] [org.testng.internal.Graph] - [Graph] ====== SORTED NODES
[TRACE] 18-06-2026 17:25:02 [main] [org.testng.internal.Graph] - [Graph] ====== END SORTED NODES
[TRACE] 18-06-2026 17:25:02 [main] [org.testng.internal.Graph] - [Graph] ADDING NODE RegisterTests.newUser()[pri:0, instance:RegisterTests@360e9c06] -1084490286
[TRACE] 18-06-2026 17:25:02 [main] [org.testng.internal.Graph] - [Graph] ================ SORTING
[TRACE] 18-06-2026 17:25:02 [main] [org.testng.internal.Graph] - [Graph] =============== DONE SORTING
[TRACE] 18-06-2026 17:25:02 [main] [org.testng.internal.Graph] - [Graph] ====== SORTED NODES
[TRACE] 18-06-2026 17:25:02 [main] [org.testng.internal.Graph] - [Graph] ====== END SORTED NODES
[INFO] 18-06-2026 17:25:02 [main] [org.testng.internal.Utils] - [TestNG] Running:
  C:\Users\Sama7h\AppData\Local\JetBrains\IntelliJIdea2026.1\temp-testng-customsuite.xml

[TRACE] 18-06-2026 17:25:03 [main] [io.qameta.allure.util.ReflectionUtils] - Unable to read value via field actualDefined
java.lang.NoSuchFieldException: actualDefined
	at java.base/java.lang.Class.getField(Class.java:2070)
	at io.qameta.allure.util.ReflectionUtils.getFieldValue(ReflectionUtils.java:76)
	at io.qameta.allure.util.ReflectionUtils.getValue(ReflectionUtils.java:54)
	at io.qameta.allure.util.ReflectionUtils.getBooleanValue(ReflectionUtils.java:69)
	at io.qameta.allure.util.ResultsUtils.getRichErrorProperty(ResultsUtils.java:875)
	at io.qameta.allure.util.ResultsUtils.lambda$getStatusDetails$8(ResultsUtils.java:719)
	at java.base/java.util.Optional.map(Optional.java:260)
	at io.qameta.allure.util.ResultsUtils.getStatusDetails(ResultsUtils.java:711)
	at io.qameta.allure.testng.AllureTestNg.stopTestCase(AllureTestNg.java:474)
	at io.qameta.allure.testng.AllureTestNg.onTestFailure(AllureTestNg.java:470)
	at org.testng.internal.TestListenerHelper.runTestListeners(TestListenerHelper.java:115)
	at org.testng.internal.invokers.TestInvoker.runTestResultListener(TestInvoker.java:296)
	at org.testng.internal.invokers.TestInvoker$MethodInvocationAgent.invoke(TestInvoker.java:981)
	at org.testng.internal.invokers.TestInvoker.invokeTestMethods(TestInvoker.java:203)
	at org.testng.internal.invokers.TestMethodWorker.invokeTestMethods(TestMethodWorker.java:154)
	at org.testng.internal.invokers.TestMethodWorker.run(TestMethodWorker.java:134)
	at java.base/java.util.ArrayList.forEach(ArrayList.java:1604)
	at org.testng.TestRunner.privateRun(TestRunner.java:744)
	at org.testng.TestRunner.run(TestRunner.java:616)
	at org.testng.SuiteRunner.runTest(SuiteRunner.java:421)
	at org.testng.SuiteRunner.runSequentially(SuiteRunner.java:413)
	at org.testng.SuiteRunner.privateRun(SuiteRunner.java:373)
	at org.testng.SuiteRunner.run(SuiteRunner.java:312)
	at org.testng.SuiteRunnerWorker.runSuite(SuiteRunnerWorker.java:52)
	at org.testng.SuiteRunnerWorker.run(SuiteRunnerWorker.java:95)
	at org.testng.TestNG.runSuitesSequentially(TestNG.java:1274)
	at org.testng.TestNG.runSuitesLocally(TestNG.java:1208)
	at org.testng.TestNG.runSuites(TestNG.java:1112)
	at org.testng.TestNG.run(TestNG.java:1079)
	at com.intellij.rt.testng.IDEARemoteTestNG.run(IDEARemoteTestNG.java:65)
	at com.intellij.rt.testng.RemoteTestNGStarter.main(RemoteTestNGStarter.java:109)
[TRACE] 18-06-2026 17:25:03 [main] [io.qameta.allure.util.ReflectionUtils] - Unable to read value via field actual
java.lang.NoSuchFieldException: actual
	at java.base/java.lang.Class.getField(Class.java:2070)
	at io.qameta.allure.util.ReflectionUtils.getFieldValue(ReflectionUtils.java:76)
	at io.qameta.allure.util.ReflectionUtils.getValue(ReflectionUtils.java:54)
	at io.qameta.allure.util.ResultsUtils.getRichErrorProperty(ResultsUtils.java:884)
	at io.qameta.allure.util.ResultsUtils.lambda$getStatusDetails$8(ResultsUtils.java:719)
	at java.base/java.util.Optional.map(Optional.java:260)
	at io.qameta.allure.util.ResultsUtils.getStatusDetails(ResultsUtils.java:711)
	at io.qameta.allure.testng.AllureTestNg.stopTestCase(AllureTestNg.java:474)
	at io.qameta.allure.testng.AllureTestNg.onTestFailure(AllureTestNg.java:470)
	at org.testng.internal.TestListenerHelper.runTestListeners(TestListenerHelper.java:115)
	at org.testng.internal.invokers.TestInvoker.runTestResultListener(TestInvoker.java:296)
	at org.testng.internal.invokers.TestInvoker$MethodInvocationAgent.invoke(TestInvoker.java:981)
	at org.testng.internal.invokers.TestInvoker.invokeTestMethods(TestInvoker.java:203)
	at org.testng.internal.invokers.TestMethodWorker.invokeTestMethods(TestMethodWorker.java:154)
	at org.testng.internal.invokers.TestMethodWorker.run(TestMethodWorker.java:134)
	at java.base/java.util.ArrayList.forEach(ArrayList.java:1604)
	at org.testng.TestRunner.privateRun(TestRunner.java:744)
	at org.testng.TestRunner.run(TestRunner.java:616)
	at org.testng.SuiteRunner.runTest(SuiteRunner.java:421)
	at org.testng.SuiteRunner.runSequentially(SuiteRunner.java:413)
	at org.testng.SuiteRunner.privateRun(SuiteRunner.java:373)
	at org.testng.SuiteRunner.run(SuiteRunner.java:312)
	at org.testng.SuiteRunnerWorker.runSuite(SuiteRunnerWorker.java:52)
	at org.testng.SuiteRunnerWorker.run(SuiteRunnerWorker.java:95)
	at org.testng.TestNG.runSuitesSequentially(TestNG.java:1274)
	at org.testng.TestNG.runSuitesLocally(TestNG.java:1208)
	at org.testng.TestNG.runSuites(TestNG.java:1112)
	at org.testng.TestNG.run(TestNG.java:1079)
	at com.intellij.rt.testng.IDEARemoteTestNG.run(IDEARemoteTestNG.java:65)
	at com.intellij.rt.testng.RemoteTestNGStarter.main(RemoteTestNGStarter.java:109)
[TRACE] 18-06-2026 17:25:03 [main] [io.qameta.allure.util.ReflectionUtils] - Unable to read value via field expectedDefined
java.lang.NoSuchFieldException: expectedDefined
	at java.base/java.lang.Class.getField(Class.java:2070)
	at io.qameta.allure.util.ReflectionUtils.getFieldValue(ReflectionUtils.java:76)
	at io.qameta.allure.util.ReflectionUtils.getValue(ReflectionUtils.java:54)
	at io.qameta.allure.util.ReflectionUtils.getBooleanValue(ReflectionUtils.java:69)
	at io.qameta.allure.util.ResultsUtils.getRichErrorProperty(ResultsUtils.java:875)
	at io.qameta.allure.util.ResultsUtils.lambda$getStatusDetails$8(ResultsUtils.java:720)
	at java.base/java.util.Optional.map(Optional.java:260)
	at io.qameta.allure.util.ResultsUtils.getStatusDetails(ResultsUtils.java:711)
	at io.qameta.allure.testng.AllureTestNg.stopTestCase(AllureTestNg.java:474)
	at io.qameta.allure.testng.AllureTestNg.onTestFailure(AllureTestNg.java:470)
	at org.testng.internal.TestListenerHelper.runTestListeners(TestListenerHelper.java:115)
	at org.testng.internal.invokers.TestInvoker.runTestResultListener(TestInvoker.java:296)
	at org.testng.internal.invokers.TestInvoker$MethodInvocationAgent.invoke(TestInvoker.java:981)
	at org.testng.internal.invokers.TestInvoker.invokeTestMethods(TestInvoker.java:203)
	at org.testng.internal.invokers.TestMethodWorker.invokeTestMethods(TestMethodWorker.java:154)
	at org.testng.internal.invokers.TestMethodWorker.run(TestMethodWorker.java:134)
	at java.base/java.util.ArrayList.forEach(ArrayList.java:1604)
	at org.testng.TestRunner.privateRun(TestRunner.java:744)
	at org.testng.TestRunner.run(TestRunner.java:616)
	at org.testng.SuiteRunner.runTest(SuiteRunner.java:421)
	at org.testng.SuiteRunner.runSequentially(SuiteRunner.java:413)
	at org.testng.SuiteRunner.privateRun(SuiteRunner.java:373)
	at org.testng.SuiteRunner.run(SuiteRunner.java:312)
	at org.testng.SuiteRunnerWorker.runSuite(SuiteRunnerWorker.java:52)
	at org.testng.SuiteRunnerWorker.run(SuiteRunnerWorker.java:95)
	at org.testng.TestNG.runSuitesSequentially(TestNG.java:1274)
	at org.testng.TestNG.runSuitesLocally(TestNG.java:1208)
	at org.testng.TestNG.runSuites(TestNG.java:1112)
	at org.testng.TestNG.run(TestNG.java:1079)
	at com.intellij.rt.testng.IDEARemoteTestNG.run(IDEARemoteTestNG.java:65)
	at com.intellij.rt.testng.RemoteTestNGStarter.main(RemoteTestNGStarter.java:109)
[TRACE] 18-06-2026 17:25:03 [main] [io.qameta.allure.util.ReflectionUtils] - Unable to read value via field expected
java.lang.NoSuchFieldException: expected
	at java.base/java.lang.Class.getField(Class.java:2070)
	at io.qameta.allure.util.ReflectionUtils.getFieldValue(ReflectionUtils.java:76)
	at io.qameta.allure.util.ReflectionUtils.getValue(ReflectionUtils.java:54)
	at io.qameta.allure.util.ResultsUtils.getRichErrorProperty(ResultsUtils.java:884)
	at io.qameta.allure.util.ResultsUtils.lambda$getStatusDetails$8(ResultsUtils.java:720)
	at java.base/java.util.Optional.map(Optional.java:260)
	at io.qameta.allure.util.ResultsUtils.getStatusDetails(ResultsUtils.java:711)
	at io.qameta.allure.testng.AllureTestNg.stopTestCase(AllureTestNg.java:474)
	at io.qameta.allure.testng.AllureTestNg.onTestFailure(AllureTestNg.java:470)
	at org.testng.internal.TestListenerHelper.runTestListeners(TestListenerHelper.java:115)
	at org.testng.internal.invokers.TestInvoker.runTestResultListener(TestInvoker.java:296)
	at org.testng.internal.invokers.TestInvoker$MethodInvocationAgent.invoke(TestInvoker.java:981)
	at org.testng.internal.invokers.TestInvoker.invokeTestMethods(TestInvoker.java:203)
	at org.testng.internal.invokers.TestMethodWorker.invokeTestMethods(TestMethodWorker.java:154)
	at org.testng.internal.invokers.TestMethodWorker.run(TestMethodWorker.java:134)
	at java.base/java.util.ArrayList.forEach(ArrayList.java:1604)
	at org.testng.TestRunner.privateRun(TestRunner.java:744)
	at org.testng.TestRunner.run(TestRunner.java:616)
	at org.testng.SuiteRunner.runTest(SuiteRunner.java:421)
	at org.testng.SuiteRunner.runSequentially(SuiteRunner.java:413)
	at org.testng.SuiteRunner.privateRun(SuiteRunner.java:373)
	at org.testng.SuiteRunner.run(SuiteRunner.java:312)
	at org.testng.SuiteRunnerWorker.runSuite(SuiteRunnerWorker.java:52)
	at org.testng.SuiteRunnerWorker.run(SuiteRunnerWorker.java:95)
	at org.testng.TestNG.runSuitesSequentially(TestNG.java:1274)
	at org.testng.TestNG.runSuitesLocally(TestNG.java:1208)
	at org.testng.TestNG.runSuites(TestNG.java:1112)
	at org.testng.TestNG.run(TestNG.java:1079)
	at com.intellij.rt.testng.IDEARemoteTestNG.run(IDEARemoteTestNG.java:65)
	at com.intellij.rt.testng.RemoteTestNGStarter.main(RemoteTestNGStarter.java:109)
