[DEBUG] 18-06-2026 14:55:14 [main] [org.testng.TestNG] - suiteXmlPath: "C:\Users\Sama7h\AppData\Local\JetBrains\IntelliJIdea2026.1\temp-testng-customsuite.xml"
[TRACE] 18-06-2026 14:55:16 [main] [org.testng.internal.Graph] - [Graph] ADDING NODE HomeTests.setup()[pri:0, instance:null] -208304578
[TRACE] 18-06-2026 14:55:16 [main] [org.testng.internal.Graph] - [Graph] ================ SORTING
[TRACE] 18-06-2026 14:55:16 [main] [org.testng.internal.Graph] - [Graph] =============== DONE SORTING
[TRACE] 18-06-2026 14:55:16 [main] [org.testng.internal.Graph] - [Graph] ====== SORTED NODES
[TRACE] 18-06-2026 14:55:16 [main] [org.testng.internal.Graph] - [Graph] ====== END SORTED NODES
[TRACE] 18-06-2026 14:55:16 [main] [org.testng.internal.Graph] - [Graph] ADDING NODE HomeTests.tearDown()[pri:0, instance:null] 1775986277
[TRACE] 18-06-2026 14:55:16 [main] [org.testng.internal.Graph] - [Graph] ================ SORTING
[TRACE] 18-06-2026 14:55:16 [main] [org.testng.internal.Graph] - [Graph] =============== DONE SORTING
[TRACE] 18-06-2026 14:55:16 [main] [org.testng.internal.Graph] - [Graph] ====== SORTED NODES
[TRACE] 18-06-2026 14:55:16 [main] [org.testng.internal.Graph] - [Graph] ====== END SORTED NODES
[TRACE] 18-06-2026 14:55:16 [main] [org.testng.internal.Graph] - [Graph] ADDING NODE HomeTests.tc()[pri:0, instance:HomeTests@2f74900b] -593943713
[TRACE] 18-06-2026 14:55:16 [main] [org.testng.internal.Graph] - [Graph] ================ SORTING
[TRACE] 18-06-2026 14:55:16 [main] [org.testng.internal.Graph] - [Graph] =============== DONE SORTING
[TRACE] 18-06-2026 14:55:16 [main] [org.testng.internal.Graph] - [Graph] ====== SORTED NODES
[TRACE] 18-06-2026 14:55:16 [main] [org.testng.internal.Graph] - [Graph] ====== END SORTED NODES
[INFO] 18-06-2026 14:55:16 [main] [org.testng.internal.Utils] - [TestNG] Running:
  C:\Users\Sama7h\AppData\Local\JetBrains\IntelliJIdea2026.1\temp-testng-customsuite.xml

[INFO] 18-06-2026 14:55:16 [main] [com.Ecommercee.drivers.GUIDriver] - Initializing driver for browser: Edge
[INFO] 18-06-2026 14:55:26 [main] [com.Ecommercee.utiles.actions.BrowserActions] - Navigating to URL: https://automationexercise.com
[INFO] 18-06-2026 14:55:26 [main] [com.Ecommercee.utiles.actions.ElementActions] - Clicked on element: By.cssSelector: [id="scrollUp"]
