[DEBUG] 20-06-2026 22:28:20 [main] [org.testng.TestNG] - suiteXmlPath: "C:\Users\Sama7h\AppData\Local\JetBrains\IntelliJIdea2026.1\temp-testng-customsuite.xml"
[TRACE] 20-06-2026 22:28:22 [main] [org.testng.internal.Graph] - [Graph] ADDING NODE CartTests.setup()[pri:0, instance:null] -2063151909
[TRACE] 20-06-2026 22:28:22 [main] [org.testng.internal.Graph] - [Graph] ================ SORTING
[TRACE] 20-06-2026 22:28:22 [main] [org.testng.internal.Graph] - [Graph] =============== DONE SORTING
[TRACE] 20-06-2026 22:28:22 [main] [org.testng.internal.Graph] - [Graph] ====== SORTED NODES
[TRACE] 20-06-2026 22:28:22 [main] [org.testng.internal.Graph] - [Graph] ====== END SORTED NODES
[TRACE] 20-06-2026 22:28:22 [main] [org.testng.internal.Graph] - [Graph] ADDING NODE CartTests.tearDown()[pri:0, instance:null] 524823812
[TRACE] 20-06-2026 22:28:22 [main] [org.testng.internal.Graph] - [Graph] ================ SORTING
[TRACE] 20-06-2026 22:28:22 [main] [org.testng.internal.Graph] - [Graph] =============== DONE SORTING
[TRACE] 20-06-2026 22:28:22 [main] [org.testng.internal.Graph] - [Graph] ====== SORTED NODES
[TRACE] 20-06-2026 22:28:22 [main] [org.testng.internal.Graph] - [Graph] ====== END SORTED NODES
[TRACE] 20-06-2026 22:28:22 [main] [org.testng.internal.Graph] - [Graph] ADDING NODE CartTests.tc2()[pri:0, instance:CartTests@3e906375] 729172500
[TRACE] 20-06-2026 22:28:22 [main] [org.testng.internal.Graph] - [Graph] ADDING NODE CartTests.tc()[pri:0, instance:CartTests@3e906375] 728532040
[TRACE] 20-06-2026 22:28:22 [main] [org.testng.internal.Graph] - [Graph] ================ SORTING
[TRACE] 20-06-2026 22:28:22 [main] [org.testng.internal.Graph] - [Graph] =============== DONE SORTING
[TRACE] 20-06-2026 22:28:22 [main] [org.testng.internal.Graph] - [Graph] ====== SORTED NODES
[TRACE] 20-06-2026 22:28:22 [main] [org.testng.internal.Graph] - [Graph] ====== END SORTED NODES
[INFO] 20-06-2026 22:28:22 [main] [org.testng.internal.Utils] - [TestNG] Running:
  C:\Users\Sama7h\AppData\Local\JetBrains\IntelliJIdea2026.1\temp-testng-customsuite.xml

[INFO] 20-06-2026 22:28:22 [main] [com.Ecommercee.drivers.GUIDriver] - Initializing driver for browser: Edge
[INFO] 20-06-2026 22:28:29 [main] [com.Ecommercee.utiles.actions.BrowserActions] - Navigating to URL: https://automationexercise.com/view_cart
[INFO] 20-06-2026 22:28:32 [main] [com.Ecommercee.utiles.actions.ElementActions] - Clicked on element: By.xpath: //a[@href='/products']
[INFO] 20-06-2026 22:28:34 [main] [com.Ecommercee.utiles.actions.ElementActions] - Clicked on element: By.xpath: (//a[contains(text(),'View Product')])[1]
[INFO] 20-06-2026 22:28:35 [main] [com.Ecommercee.utiles.actions.ElementActions] - Clicked on element: By.cssSelector: button.cart
[INFO] 20-06-2026 22:28:36 [main] [com.Ecommercee.utiles.actions.ElementActions] - Clicked on element: By.xpath: //u[text()='View Cart']
[INFO] 20-06-2026 22:28:38 [main] [com.Ecommercee.drivers.GUIDriver] - Initializing driver for browser: Edge
[INFO] 20-06-2026 22:28:41 [main] [com.Ecommercee.utiles.actions.BrowserActions] - Navigating to URL: https://automationexercise.com/view_cart
[TRACE] 20-06-2026 22:28:52 [main] [io.qameta.allure.util.ReflectionUtils] - Unable to read value via field actualDefined
java.lang.NoSuchFieldException: actualDefined
	at java.base/java.lang.Class.getField(Class.java:2070)
	at io.qameta.allure.util.ReflectionUtils.getFieldValue(ReflectionUtils.java:76)
	at io.qameta.allure.util.ReflectionUtils.getValue(ReflectionUtils.java:54)
	at io.qameta.allure.util.ReflectionUtils.getBooleanValue(ReflectionUtils.java:69)
	at io.qameta.allure.util.ResultsUtils.getRichErrorProperty(ResultsUtils.java:875)
	at io.qameta.allure.util.ResultsUtils.lambda$getStatusDetails$8(ResultsUtils.java:719)
	at java.base/java.util.Optional.map(Optional.java:260)
	at io.qameta.allure.util.ResultsUtils.getStatusDetails(ResultsUtils.java:711)
	at io.qameta.allure.aspects.StepsAspects.lambda$stepFailed$0(StepsAspects.java:106)
	at io.qameta.allure.AllureLifecycle.updateStep(AllureLifecycle.java:520)
	at io.qameta.allure.AllureLifecycle.updateStep(AllureLifecycle.java:501)
	at io.qameta.allure.aspects.StepsAspects.stepFailed(StepsAspects.java:103)
	at com.Ecommercee.Pages.CartPage.verifyCartTableIsVisible(CartPage.java:34)
	at CartTests.tc2(CartTests.java:40)
	at java.base/jdk.internal.reflect.DirectMethodHandleAccessor.invoke(DirectMethodHandleAccessor.java:104)
	at java.base/java.lang.reflect.Method.invoke(Method.java:565)
	at org.testng.internal.invokers.MethodInvocationHelper.invokeMethod(MethodInvocationHelper.java:141)
	at org.testng.internal.invokers.TestInvoker.invokeMethod(TestInvoker.java:697)
	at org.testng.internal.invokers.TestInvoker.invokeTestMethod(TestInvoker.java:230)
	at org.testng.internal.invokers.MethodRunner.runInSequence(MethodRunner.java:63)
	at org.testng.internal.invokers.TestInvoker$MethodInvocationAgent.invoke(TestInvoker.java:1005)
	at org.testng.internal.invokers.TestInvoker.invokeTestMethods(TestInvoker.java:203)
	at org.testng.internal.invokers.TestMethodWorker.invokeTestMethods(TestMethodWorker.java:154)
	at org.testng.internal.invokers.TestMethodWorker.run(TestMethodWorker.java:134)
	at java.base/java.util.ArrayList.forEach(ArrayList.java:1604)
	at org.testng.TestRunner.privateRun(TestRunner.java:744)
	at org.testng.TestRunner.run(TestRunner.java:616)
	at org.testng.SuiteRunner.runTest(SuiteRunner.java:421)
	at org.testng.SuiteRunner.runSequentially(SuiteRunner.java:413)
	at org.testng.SuiteRunner.privateRun(SuiteRunner.java:373)
	at org.testng.SuiteRunner.run(SuiteRunner.java:312)
	at org.testng.SuiteRunnerWorker.runSuite(SuiteRunnerWorker.java:52)
	at org.testng.SuiteRunnerWorker.run(SuiteRunnerWorker.java:95)
	at org.testng.TestNG.runSuitesSequentially(TestNG.java:1274)
	at org.testng.TestNG.runSuitesLocally(TestNG.java:1208)
	at org.testng.TestNG.runSuites(TestNG.java:1112)
	at org.testng.TestNG.run(TestNG.java:1079)
	at com.intellij.rt.testng.IDEARemoteTestNG.run(IDEARemoteTestNG.java:65)
	at com.intellij.rt.testng.RemoteTestNGStarter.main(RemoteTestNGStarter.java:109)
[TRACE] 20-06-2026 22:28:52 [main] [io.qameta.allure.util.ReflectionUtils] - Unable to read value via field actual
java.lang.NoSuchFieldException: actual
	at java.base/java.lang.Class.getField(Class.java:2070)
	at io.qameta.allure.util.ReflectionUtils.getFieldValue(ReflectionUtils.java:76)
	at io.qameta.allure.util.ReflectionUtils.getValue(ReflectionUtils.java:54)
	at io.qameta.allure.util.ResultsUtils.getRichErrorProperty(ResultsUtils.java:884)
	at io.qameta.allure.util.ResultsUtils.lambda$getStatusDetails$8(ResultsUtils.java:719)
	at java.base/java.util.Optional.map(Optional.java:260)
	at io.qameta.allure.util.ResultsUtils.getStatusDetails(ResultsUtils.java:711)
	at io.qameta.allure.aspects.StepsAspects.lambda$stepFailed$0(StepsAspects.java:106)
	at io.qameta.allure.AllureLifecycle.updateStep(AllureLifecycle.java:520)
	at io.qameta.allure.AllureLifecycle.updateStep(AllureLifecycle.java:501)
	at io.qameta.allure.aspects.StepsAspects.stepFailed(StepsAspects.java:103)
	at com.Ecommercee.Pages.CartPage.verifyCartTableIsVisible(CartPage.java:34)
	at CartTests.tc2(CartTests.java:40)
	at java.base/jdk.internal.reflect.DirectMethodHandleAccessor.invoke(DirectMethodHandleAccessor.java:104)
	at java.base/java.lang.reflect.Method.invoke(Method.java:565)
	at org.testng.internal.invokers.MethodInvocationHelper.invokeMethod(MethodInvocationHelper.java:141)
	at org.testng.internal.invokers.TestInvoker.invokeMethod(TestInvoker.java:697)
	at org.testng.internal.invokers.TestInvoker.invokeTestMethod(TestInvoker.java:230)
	at org.testng.internal.invokers.MethodRunner.runInSequence(MethodRunner.java:63)
	at org.testng.internal.invokers.TestInvoker$MethodInvocationAgent.invoke(TestInvoker.java:1005)
	at org.testng.internal.invokers.TestInvoker.invokeTestMethods(TestInvoker.java:203)
	at org.testng.internal.invokers.TestMethodWorker.invokeTestMethods(TestMethodWorker.java:154)
	at org.testng.internal.invokers.TestMethodWorker.run(TestMethodWorker.java:134)
	at java.base/java.util.ArrayList.forEach(ArrayList.java:1604)
	at org.testng.TestRunner.privateRun(TestRunner.java:744)
	at org.testng.TestRunner.run(TestRunner.java:616)
	at org.testng.SuiteRunner.runTest(SuiteRunner.java:421)
	at org.testng.SuiteRunner.runSequentially(SuiteRunner.java:413)
	at org.testng.SuiteRunner.privateRun(SuiteRunner.java:373)
	at org.testng.SuiteRunner.run(SuiteRunner.java:312)
	at org.testng.SuiteRunnerWorker.runSuite(SuiteRunnerWorker.java:52)
	at org.testng.SuiteRunnerWorker.run(SuiteRunnerWorker.java:95)
	at org.testng.TestNG.runSuitesSequentially(TestNG.java:1274)
	at org.testng.TestNG.runSuitesLocally(TestNG.java:1208)
	at org.testng.TestNG.runSuites(TestNG.java:1112)
	at org.testng.TestNG.run(TestNG.java:1079)
	at com.intellij.rt.testng.IDEARemoteTestNG.run(IDEARemoteTestNG.java:65)
	at com.intellij.rt.testng.RemoteTestNGStarter.main(RemoteTestNGStarter.java:109)
[TRACE] 20-06-2026 22:28:52 [main] [io.qameta.allure.util.ReflectionUtils] - Unable to read value via field expectedDefined
java.lang.NoSuchFieldException: expectedDefined
	at java.base/java.lang.Class.getField(Class.java:2070)
	at io.qameta.allure.util.ReflectionUtils.getFieldValue(ReflectionUtils.java:76)
	at io.qameta.allure.util.ReflectionUtils.getValue(ReflectionUtils.java:54)
	at io.qameta.allure.util.ReflectionUtils.getBooleanValue(ReflectionUtils.java:69)
	at io.qameta.allure.util.ResultsUtils.getRichErrorProperty(ResultsUtils.java:875)
	at io.qameta.allure.util.ResultsUtils.lambda$getStatusDetails$8(ResultsUtils.java:720)
	at java.base/java.util.Optional.map(Optional.java:260)
	at io.qameta.allure.util.ResultsUtils.getStatusDetails(ResultsUtils.java:711)
	at io.qameta.allure.aspects.StepsAspects.lambda$stepFailed$0(StepsAspects.java:106)
	at io.qameta.allure.AllureLifecycle.updateStep(AllureLifecycle.java:520)
	at io.qameta.allure.AllureLifecycle.updateStep(AllureLifecycle.java:501)
	at io.qameta.allure.aspects.StepsAspects.stepFailed(StepsAspects.java:103)
	at com.Ecommercee.Pages.CartPage.verifyCartTableIsVisible(CartPage.java:34)
	at CartTests.tc2(CartTests.java:40)
	at java.base/jdk.internal.reflect.DirectMethodHandleAccessor.invoke(DirectMethodHandleAccessor.java:104)
	at java.base/java.lang.reflect.Method.invoke(Method.java:565)
	at org.testng.internal.invokers.MethodInvocationHelper.invokeMethod(MethodInvocationHelper.java:141)
	at org.testng.internal.invokers.TestInvoker.invokeMethod(TestInvoker.java:697)
	at org.testng.internal.invokers.TestInvoker.invokeTestMethod(TestInvoker.java:230)
	at org.testng.internal.invokers.MethodRunner.runInSequence(MethodRunner.java:63)
	at org.testng.internal.invokers.TestInvoker$MethodInvocationAgent.invoke(TestInvoker.java:1005)
	at org.testng.internal.invokers.TestInvoker.invokeTestMethods(TestInvoker.java:203)
	at org.testng.internal.invokers.TestMethodWorker.invokeTestMethods(TestMethodWorker.java:154)
	at org.testng.internal.invokers.TestMethodWorker.run(TestMethodWorker.java:134)
	at java.base/java.util.ArrayList.forEach(ArrayList.java:1604)
	at org.testng.TestRunner.privateRun(TestRunner.java:744)
	at org.testng.TestRunner.run(TestRunner.java:616)
	at org.testng.SuiteRunner.runTest(SuiteRunner.java:421)
	at org.testng.SuiteRunner.runSequentially(SuiteRunner.java:413)
	at org.testng.SuiteRunner.privateRun(SuiteRunner.java:373)
	at org.testng.SuiteRunner.run(SuiteRunner.java:312)
	at org.testng.SuiteRunnerWorker.runSuite(SuiteRunnerWorker.java:52)
	at org.testng.SuiteRunnerWorker.run(SuiteRunnerWorker.java:95)
	at org.testng.TestNG.runSuitesSequentially(TestNG.java:1274)
	at org.testng.TestNG.runSuitesLocally(TestNG.java:1208)
	at org.testng.TestNG.runSuites(TestNG.java:1112)
	at org.testng.TestNG.run(TestNG.java:1079)
	at com.intellij.rt.testng.IDEARemoteTestNG.run(IDEARemoteTestNG.java:65)
	at com.intellij.rt.testng.RemoteTestNGStarter.main(RemoteTestNGStarter.java:109)
[TRACE] 20-06-2026 22:28:52 [main] [io.qameta.allure.util.ReflectionUtils] - Unable to read value via field expected
java.lang.NoSuchFieldException: expected
	at java.base/java.lang.Class.getField(Class.java:2070)
	at io.qameta.allure.util.ReflectionUtils.getFieldValue(ReflectionUtils.java:76)
	at io.qameta.allure.util.ReflectionUtils.getValue(ReflectionUtils.java:54)
	at io.qameta.allure.util.ResultsUtils.getRichErrorProperty(ResultsUtils.java:884)
	at io.qameta.allure.util.ResultsUtils.lambda$getStatusDetails$8(ResultsUtils.java:720)
	at java.base/java.util.Optional.map(Optional.java:260)
	at io.qameta.allure.util.ResultsUtils.getStatusDetails(ResultsUtils.java:711)
	at io.qameta.allure.aspects.StepsAspects.lambda$stepFailed$0(StepsAspects.java:106)
	at io.qameta.allure.AllureLifecycle.updateStep(AllureLifecycle.java:520)
	at io.qameta.allure.AllureLifecycle.updateStep(AllureLifecycle.java:501)
	at io.qameta.allure.aspects.StepsAspects.stepFailed(StepsAspects.java:103)
	at com.Ecommercee.Pages.CartPage.verifyCartTableIsVisible(CartPage.java:34)
	at CartTests.tc2(CartTests.java:40)
	at java.base/jdk.internal.reflect.DirectMethodHandleAccessor.invoke(DirectMethodHandleAccessor.java:104)
	at java.base/java.lang.reflect.Method.invoke(Method.java:565)
	at org.testng.internal.invokers.MethodInvocationHelper.invokeMethod(MethodInvocationHelper.java:141)
	at org.testng.internal.invokers.TestInvoker.invokeMethod(TestInvoker.java:697)
	at org.testng.internal.invokers.TestInvoker.invokeTestMethod(TestInvoker.java:230)
	at org.testng.internal.invokers.MethodRunner.runInSequence(MethodRunner.java:63)
	at org.testng.internal.invokers.TestInvoker$MethodInvocationAgent.invoke(TestInvoker.java:1005)
	at org.testng.internal.invokers.TestInvoker.invokeTestMethods(TestInvoker.java:203)
	at org.testng.internal.invokers.TestMethodWorker.invokeTestMethods(TestMethodWorker.java:154)
	at org.testng.internal.invokers.TestMethodWorker.run(TestMethodWorker.java:134)
	at java.base/java.util.ArrayList.forEach(ArrayList.java:1604)
	at org.testng.TestRunner.privateRun(TestRunner.java:744)
	at org.testng.TestRunner.run(TestRunner.java:616)
	at org.testng.SuiteRunner.runTest(SuiteRunner.java:421)
	at org.testng.SuiteRunner.runSequentially(SuiteRunner.java:413)
	at org.testng.SuiteRunner.privateRun(SuiteRunner.java:373)
	at org.testng.SuiteRunner.run(SuiteRunner.java:312)
	at org.testng.SuiteRunnerWorker.runSuite(SuiteRunnerWorker.java:52)
	at org.testng.SuiteRunnerWorker.run(SuiteRunnerWorker.java:95)
	at org.testng.TestNG.runSuitesSequentially(TestNG.java:1274)
	at org.testng.TestNG.runSuitesLocally(TestNG.java:1208)
	at org.testng.TestNG.runSuites(TestNG.java:1112)
	at org.testng.TestNG.run(TestNG.java:1079)
	at com.intellij.rt.testng.IDEARemoteTestNG.run(IDEARemoteTestNG.java:65)
	at com.intellij.rt.testng.RemoteTestNGStarter.main(RemoteTestNGStarter.java:109)
[TRACE] 20-06-2026 22:28:52 [main] [io.qameta.allure.util.ReflectionUtils] - Unable to read value via field actualDefined
java.lang.NoSuchFieldException: actualDefined
	at java.base/java.lang.Class.getField(Class.java:2070)
	at io.qameta.allure.util.ReflectionUtils.getFieldValue(ReflectionUtils.java:76)
	at io.qameta.allure.util.ReflectionUtils.getValue(ReflectionUtils.java:54)
	at io.qameta.allure.util.ReflectionUtils.getBooleanValue(ReflectionUtils.java:69)
	at io.qameta.allure.util.ResultsUtils.getRichErrorProperty(ResultsUtils.java:875)
	at io.qameta.allure.util.ResultsUtils.lambda$getStatusDetails$8(ResultsUtils.java:719)
	at java.base/java.util.Optional.map(Optional.java:260)
	at io.qameta.allure.util.ResultsUtils.getStatusDetails(ResultsUtils.java:711)
	at io.qameta.allure.testng.AllureTestNg.stopTestCase(AllureTestNg.java:474)
	at io.qameta.allure.testng.AllureTestNg.onTestFailure(AllureTestNg.java:470)
	at org.testng.internal.TestListenerHelper.runTestListeners(TestListenerHelper.java:115)
	at org.testng.internal.invokers.TestInvoker.runTestResultListener(TestInvoker.java:296)
	at org.testng.internal.invokers.TestInvoker.invokeMethod(TestInvoker.java:787)
	at org.testng.internal.invokers.TestInvoker.invokeTestMethod(TestInvoker.java:230)
	at org.testng.internal.invokers.MethodRunner.runInSequence(MethodRunner.java:63)
	at org.testng.internal.invokers.TestInvoker$MethodInvocationAgent.invoke(TestInvoker.java:1005)
	at org.testng.internal.invokers.TestInvoker.invokeTestMethods(TestInvoker.java:203)
	at org.testng.internal.invokers.TestMethodWorker.invokeTestMethods(TestMethodWorker.java:154)
	at org.testng.internal.invokers.TestMethodWorker.run(TestMethodWorker.java:134)
	at java.base/java.util.ArrayList.forEach(ArrayList.java:1604)
	at org.testng.TestRunner.privateRun(TestRunner.java:744)
	at org.testng.TestRunner.run(TestRunner.java:616)
	at org.testng.SuiteRunner.runTest(SuiteRunner.java:421)
	at org.testng.SuiteRunner.runSequentially(SuiteRunner.java:413)
	at org.testng.SuiteRunner.privateRun(SuiteRunner.java:373)
	at org.testng.SuiteRunner.run(SuiteRunner.java:312)
	at org.testng.SuiteRunnerWorker.runSuite(SuiteRunnerWorker.java:52)
	at org.testng.SuiteRunnerWorker.run(SuiteRunnerWorker.java:95)
	at org.testng.TestNG.runSuitesSequentially(TestNG.java:1274)
	at org.testng.TestNG.runSuitesLocally(TestNG.java:1208)
	at org.testng.TestNG.runSuites(TestNG.java:1112)
	at org.testng.TestNG.run(TestNG.java:1079)
	at com.intellij.rt.testng.IDEARemoteTestNG.run(IDEARemoteTestNG.java:65)
	at com.intellij.rt.testng.RemoteTestNGStarter.main(RemoteTestNGStarter.java:109)
[TRACE] 20-06-2026 22:28:52 [main] [io.qameta.allure.util.ReflectionUtils] - Unable to read value via field actual
java.lang.NoSuchFieldException: actual
	at java.base/java.lang.Class.getField(Class.java:2070)
	at io.qameta.allure.util.ReflectionUtils.getFieldValue(ReflectionUtils.java:76)
	at io.qameta.allure.util.ReflectionUtils.getValue(ReflectionUtils.java:54)
	at io.qameta.allure.util.ResultsUtils.getRichErrorProperty(ResultsUtils.java:884)
	at io.qameta.allure.util.ResultsUtils.lambda$getStatusDetails$8(ResultsUtils.java:719)
	at java.base/java.util.Optional.map(Optional.java:260)
	at io.qameta.allure.util.ResultsUtils.getStatusDetails(ResultsUtils.java:711)
	at io.qameta.allure.testng.AllureTestNg.stopTestCase(AllureTestNg.java:474)
	at io.qameta.allure.testng.AllureTestNg.onTestFailure(AllureTestNg.java:470)
	at org.testng.internal.TestListenerHelper.runTestListeners(TestListenerHelper.java:115)
	at org.testng.internal.invokers.TestInvoker.runTestResultListener(TestInvoker.java:296)
	at org.testng.internal.invokers.TestInvoker.invokeMethod(TestInvoker.java:787)
	at org.testng.internal.invokers.TestInvoker.invokeTestMethod(TestInvoker.java:230)
	at org.testng.internal.invokers.MethodRunner.runInSequence(MethodRunner.java:63)
	at org.testng.internal.invokers.TestInvoker$MethodInvocationAgent.invoke(TestInvoker.java:1005)
	at org.testng.internal.invokers.TestInvoker.invokeTestMethods(TestInvoker.java:203)
	at org.testng.internal.invokers.TestMethodWorker.invokeTestMethods(TestMethodWorker.java:154)
	at org.testng.internal.invokers.TestMethodWorker.run(TestMethodWorker.java:134)
	at java.base/java.util.ArrayList.forEach(ArrayList.java:1604)
	at org.testng.TestRunner.privateRun(TestRunner.java:744)
	at org.testng.TestRunner.run(TestRunner.java:616)
	at org.testng.SuiteRunner.runTest(SuiteRunner.java:421)
	at org.testng.SuiteRunner.runSequentially(SuiteRunner.java:413)
	at org.testng.SuiteRunner.privateRun(SuiteRunner.java:373)
	at org.testng.SuiteRunner.run(SuiteRunner.java:312)
	at org.testng.SuiteRunnerWorker.runSuite(SuiteRunnerWorker.java:52)
	at org.testng.SuiteRunnerWorker.run(SuiteRunnerWorker.java:95)
	at org.testng.TestNG.runSuitesSequentially(TestNG.java:1274)
	at org.testng.TestNG.runSuitesLocally(TestNG.java:1208)
	at org.testng.TestNG.runSuites(TestNG.java:1112)
	at org.testng.TestNG.run(TestNG.java:1079)
	at com.intellij.rt.testng.IDEARemoteTestNG.run(IDEARemoteTestNG.java:65)
	at com.intellij.rt.testng.RemoteTestNGStarter.main(RemoteTestNGStarter.java:109)
[TRACE] 20-06-2026 22:28:52 [main] [io.qameta.allure.util.ReflectionUtils] - Unable to read value via field expectedDefined
java.lang.NoSuchFieldException: expectedDefined
	at java.base/java.lang.Class.getField(Class.java:2070)
	at io.qameta.allure.util.ReflectionUtils.getFieldValue(ReflectionUtils.java:76)
	at io.qameta.allure.util.ReflectionUtils.getValue(ReflectionUtils.java:54)
	at io.qameta.allure.util.ReflectionUtils.getBooleanValue(ReflectionUtils.java:69)
	at io.qameta.allure.util.ResultsUtils.getRichErrorProperty(ResultsUtils.java:875)
	at io.qameta.allure.util.ResultsUtils.lambda$getStatusDetails$8(ResultsUtils.java:720)
	at java.base/java.util.Optional.map(Optional.java:260)
	at io.qameta.allure.util.ResultsUtils.getStatusDetails(ResultsUtils.java:711)
	at io.qameta.allure.testng.AllureTestNg.stopTestCase(AllureTestNg.java:474)
	at io.qameta.allure.testng.AllureTestNg.onTestFailure(AllureTestNg.java:470)
	at org.testng.internal.TestListenerHelper.runTestListeners(TestListenerHelper.java:115)
	at org.testng.internal.invokers.TestInvoker.runTestResultListener(TestInvoker.java:296)
	at org.testng.internal.invokers.TestInvoker.invokeMethod(TestInvoker.java:787)
	at org.testng.internal.invokers.TestInvoker.invokeTestMethod(TestInvoker.java:230)
	at org.testng.internal.invokers.MethodRunner.runInSequence(MethodRunner.java:63)
	at org.testng.internal.invokers.TestInvoker$MethodInvocationAgent.invoke(TestInvoker.java:1005)
	at org.testng.internal.invokers.TestInvoker.invokeTestMethods(TestInvoker.java:203)
	at org.testng.internal.invokers.TestMethodWorker.invokeTestMethods(TestMethodWorker.java:154)
	at org.testng.internal.invokers.TestMethodWorker.run(TestMethodWorker.java:134)
	at java.base/java.util.ArrayList.forEach(ArrayList.java:1604)
	at org.testng.TestRunner.privateRun(TestRunner.java:744)
	at org.testng.TestRunner.run(TestRunner.java:616)
	at org.testng.SuiteRunner.runTest(SuiteRunner.java:421)
	at org.testng.SuiteRunner.runSequentially(SuiteRunner.java:413)
	at org.testng.SuiteRunner.privateRun(SuiteRunner.java:373)
	at org.testng.SuiteRunner.run(SuiteRunner.java:312)
	at org.testng.SuiteRunnerWorker.runSuite(SuiteRunnerWorker.java:52)
	at org.testng.SuiteRunnerWorker.run(SuiteRunnerWorker.java:95)
	at org.testng.TestNG.runSuitesSequentially(TestNG.java:1274)
	at org.testng.TestNG.runSuitesLocally(TestNG.java:1208)
	at org.testng.TestNG.runSuites(TestNG.java:1112)
	at org.testng.TestNG.run(TestNG.java:1079)
	at com.intellij.rt.testng.IDEARemoteTestNG.run(IDEARemoteTestNG.java:65)
	at com.intellij.rt.testng.RemoteTestNGStarter.main(RemoteTestNGStarter.java:109)
[TRACE] 20-06-2026 22:28:52 [main] [io.qameta.allure.util.ReflectionUtils] - Unable to read value via field expected
java.lang.NoSuchFieldException: expected
	at java.base/java.lang.Class.getField(Class.java:2070)
	at io.qameta.allure.util.ReflectionUtils.getFieldValue(ReflectionUtils.java:76)
	at io.qameta.allure.util.ReflectionUtils.getValue(ReflectionUtils.java:54)
	at io.qameta.allure.util.ResultsUtils.getRichErrorProperty(ResultsUtils.java:884)
	at io.qameta.allure.util.ResultsUtils.lambda$getStatusDetails$8(ResultsUtils.java:720)
	at java.base/java.util.Optional.map(Optional.java:260)
	at io.qameta.allure.util.ResultsUtils.getStatusDetails(ResultsUtils.java:711)
	at io.qameta.allure.testng.AllureTestNg.stopTestCase(AllureTestNg.java:474)
	at io.qameta.allure.testng.AllureTestNg.onTestFailure(AllureTestNg.java:470)
	at org.testng.internal.TestListenerHelper.runTestListeners(TestListenerHelper.java:115)
	at org.testng.internal.invokers.TestInvoker.runTestResultListener(TestInvoker.java:296)
	at org.testng.internal.invokers.TestInvoker.invokeMethod(TestInvoker.java:787)
	at org.testng.internal.invokers.TestInvoker.invokeTestMethod(TestInvoker.java:230)
	at org.testng.internal.invokers.MethodRunner.runInSequence(MethodRunner.java:63)
	at org.testng.internal.invokers.TestInvoker$MethodInvocationAgent.invoke(TestInvoker.java:1005)
	at org.testng.internal.invokers.TestInvoker.invokeTestMethods(TestInvoker.java:203)
	at org.testng.internal.invokers.TestMethodWorker.invokeTestMethods(TestMethodWorker.java:154)
	at org.testng.internal.invokers.TestMethodWorker.run(TestMethodWorker.java:134)
	at java.base/java.util.ArrayList.forEach(ArrayList.java:1604)
	at org.testng.TestRunner.privateRun(TestRunner.java:744)
	at org.testng.TestRunner.run(TestRunner.java:616)
	at org.testng.SuiteRunner.runTest(SuiteRunner.java:421)
	at org.testng.SuiteRunner.runSequentially(SuiteRunner.java:413)
	at org.testng.SuiteRunner.privateRun(SuiteRunner.java:373)
	at org.testng.SuiteRunner.run(SuiteRunner.java:312)
	at org.testng.SuiteRunnerWorker.runSuite(SuiteRunnerWorker.java:52)
	at org.testng.SuiteRunnerWorker.run(SuiteRunnerWorker.java:95)
	at org.testng.TestNG.runSuitesSequentially(TestNG.java:1274)
	at org.testng.TestNG.runSuitesLocally(TestNG.java:1208)
	at org.testng.TestNG.runSuites(TestNG.java:1112)
	at org.testng.TestNG.run(TestNG.java:1079)
	at com.intellij.rt.testng.IDEARemoteTestNG.run(IDEARemoteTestNG.java:65)
	at com.intellij.rt.testng.RemoteTestNGStarter.main(RemoteTestNGStarter.java:109)
