[DEBUG] 21-06-2026 03:13:54 [main] [org.testng.TestNG] - suiteXmlPath: "C:\Users\Sama7h\AppData\Local\JetBrains\IntelliJIdea2026.1\temp-testng-customsuite.xml"
[TRACE] 21-06-2026 03:13:56 [main] [org.testng.internal.Graph] - [Graph] ADDING NODE ContactusTests.setup()[pri:0, instance:null] 988724349
[TRACE] 21-06-2026 03:13:56 [main] [org.testng.internal.Graph] - [Graph] ================ SORTING
[TRACE] 21-06-2026 03:13:56 [main] [org.testng.internal.Graph] - [Graph] =============== DONE SORTING
[TRACE] 21-06-2026 03:13:56 [main] [org.testng.internal.Graph] - [Graph] ====== SORTED NODES
[TRACE] 21-06-2026 03:13:56 [main] [org.testng.internal.Graph] - [Graph] ====== END SORTED NODES
[TRACE] 21-06-2026 03:13:56 [main] [org.testng.internal.Graph] - [Graph] ADDING NODE ContactusTests.tearDown()[pri:0, instance:null] -1600103386
[TRACE] 21-06-2026 03:13:56 [main] [org.testng.internal.Graph] - [Graph] ================ SORTING
[TRACE] 21-06-2026 03:13:56 [main] [org.testng.internal.Graph] - [Graph] =============== DONE SORTING
[TRACE] 21-06-2026 03:13:56 [main] [org.testng.internal.Graph] - [Graph] ====== SORTED NODES
[TRACE] 21-06-2026 03:13:56 [main] [org.testng.internal.Graph] - [Graph] ====== END SORTED NODES
[TRACE] 21-06-2026 03:13:56 [main] [org.testng.internal.Graph] - [Graph] ADDING NODE ContactusTests.tc2()[pri:0, instance:ContactusTests@360e9c06] -2029349305
[TRACE] 21-06-2026 03:13:56 [main] [org.testng.internal.Graph] - [Graph] ================ SORTING
[TRACE] 21-06-2026 03:13:56 [main] [org.testng.internal.Graph] - [Graph] =============== DONE SORTING
[TRACE] 21-06-2026 03:13:56 [main] [org.testng.internal.Graph] - [Graph] ====== SORTED NODES
[TRACE] 21-06-2026 03:13:56 [main] [org.testng.internal.Graph] - [Graph] ====== END SORTED NODES
[INFO] 21-06-2026 03:13:56 [main] [org.testng.internal.Utils] - [TestNG] Running:
  C:\Users\Sama7h\AppData\Local\JetBrains\IntelliJIdea2026.1\temp-testng-customsuite.xml

[INFO] 21-06-2026 03:13:57 [main] [com.Ecommercee.drivers.GUIDriver] - Initializing driver for browser: Edge
[INFO] 21-06-2026 03:14:04 [main] [com.Ecommercee.utiles.actions.BrowserActions] - Navigating to URL: https://automationexercise.com/contact_us
[DEBUG] 21-06-2026 03:14:07 [main] [com.jayway.jsonpath.internal.path.CompiledPath] - Evaluating path: $['name']
[ERROR] 21-06-2026 03:14:07 [main] [com.Ecommercee.utiles.dataReader.JsonReader] - Error reading json file for path:  path can not be null or empty
[DEBUG] 21-06-2026 03:14:07 [main] [com.jayway.jsonpath.internal.path.CompiledPath] - Evaluating path: $['subject']
[DEBUG] 21-06-2026 03:14:07 [main] [com.jayway.jsonpath.internal.path.CompiledPath] - Evaluating path: $['message']
[INFO] 21-06-2026 03:14:08 [main] [com.Ecommercee.utiles.actions.ElementActions] - Typed text 'Test User' into element: By.name: name
[INFO] 21-06-2026 03:14:08 [main] [com.Ecommercee.utiles.actions.ElementActions] - Typed text '' into element: By.name: email
[INFO] 21-06-2026 03:14:08 [main] [com.Ecommercee.utiles.actions.ElementActions] - Typed text 'Inquiry About Products' into element: By.name: subject
[INFO] 21-06-2026 03:14:09 [main] [com.Ecommercee.utiles.actions.ElementActions] - Typed text 'This is a test message sent through the Contact Us form.' into element: By.id: message
[DEBUG] 21-06-2026 03:14:09 [main] [com.jayway.jsonpath.internal.path.CompiledPath] - Evaluating path: $['filePath']
[INFO] 21-06-2026 03:14:09 [main] [com.Ecommercee.utiles.actions.ElementActions] - Uploaded file 'D:\SoftwareTesting-iti\selenium\Project\E-commercee\src/cat.jpg' using element: By.name: upload_file
[INFO] 21-06-2026 03:14:09 [main] [com.Ecommercee.utiles.actions.ElementActions] - Clicked on element: By.name: submit
[ERROR] 21-06-2026 03:14:09 [main] [com.Ecommercee.utiles.actions.AlertActions] - Failed to accept alert no such alert
  (Session info: MicrosoftEdge=149.0.4022.80)
Build info: version: '4.43.0', revision: 'dd0f534'
System info: os.name: 'Windows 10', os.arch: 'amd64', os.version: '10.0', java.version: '24.0.1'
Driver info: org.openqa.selenium.edge.EdgeDriver
Command: [8f76efe10356a9eb3201b5e99474a082, getAlertText {}]
Capabilities {acceptInsecureCerts: true, browserName: MicrosoftEdge, browserVersion: 149.0.4022.80, fedcm:accounts: true, goog:processID: 13208, ms:edgeOptions: {debuggerAddress: localhost:62031}, msedge: {msedgedriverVersion: 149.0.4022.80 (2d040fee770f..., userDataDir: C:\Users\Sama7h\AppData\Loc...}, networkConnectionEnabled: false, pageLoadStrategy: eager, platformName: windows, proxy: Proxy(), se:cdp: ws://localhost:62031/devtoo..., se:cdpVersion: 149.0.4022.80, setWindowRect: true, strictFileInteractability: false, timeouts: {implicit: 0, pageLoad: 300000, script: 30000}, unhandledPromptBehavior: dismiss and notify, webauthn:extension:credBlob: true, webauthn:extension:largeBlob: true, webauthn:extension:minPinLength: true, webauthn:extension:prf: true, webauthn:virtualAuthenticators: true}
Session ID: 8f76efe10356a9eb3201b5e99474a082
[ERROR] 21-06-2026 03:14:10 [main] [com.Ecommercee.utiles.actions.AlertActions] - Failed to accept alert no such alert
  (Session info: MicrosoftEdge=149.0.4022.80)
Build info: version: '4.43.0', revision: 'dd0f534'
System info: os.name: 'Windows 10', os.arch: 'amd64', os.version: '10.0', java.version: '24.0.1'
Driver info: org.openqa.selenium.edge.EdgeDriver
Command: [8f76efe10356a9eb3201b5e99474a082, getAlertText {}]
Capabilities {acceptInsecureCerts: true, browserName: MicrosoftEdge, browserVersion: 149.0.4022.80, fedcm:accounts: true, goog:processID: 13208, ms:edgeOptions: {debuggerAddress: localhost:62031}, msedge: {msedgedriverVersion: 149.0.4022.80 (2d040fee770f..., userDataDir: C:\Users\Sama7h\AppData\Loc...}, networkConnectionEnabled: false, pageLoadStrategy: eager, platformName: windows, proxy: Proxy(), se:cdp: ws://localhost:62031/devtoo..., se:cdpVersion: 149.0.4022.80, setWindowRect: true, strictFileInteractability: false, timeouts: {implicit: 0, pageLoad: 300000, script: 30000}, unhandledPromptBehavior: dismiss and notify, webauthn:extension:credBlob: true, webauthn:extension:largeBlob: true, webauthn:extension:minPinLength: true, webauthn:extension:prf: true, webauthn:virtualAuthenticators: true}
Session ID: 8f76efe10356a9eb3201b5e99474a082
[ERROR] 21-06-2026 03:14:11 [main] [com.Ecommercee.utiles.actions.AlertActions] - Failed to accept alert no such alert
  (Session info: MicrosoftEdge=149.0.4022.80)
Build info: version: '4.43.0', revision: 'dd0f534'
System info: os.name: 'Windows 10', os.arch: 'amd64', os.version: '10.0', java.version: '24.0.1'
Driver info: org.openqa.selenium.edge.EdgeDriver
Command: [8f76efe10356a9eb3201b5e99474a082, getAlertText {}]
Capabilities {acceptInsecureCerts: true, browserName: MicrosoftEdge, browserVersion: 149.0.4022.80, fedcm:accounts: true, goog:processID: 13208, ms:edgeOptions: {debuggerAddress: localhost:62031}, msedge: {msedgedriverVersion: 149.0.4022.80 (2d040fee770f..., userDataDir: C:\Users\Sama7h\AppData\Loc...}, networkConnectionEnabled: false, pageLoadStrategy: eager, platformName: windows, proxy: Proxy(), se:cdp: ws://localhost:62031/devtoo..., se:cdpVersion: 149.0.4022.80, setWindowRect: true, strictFileInteractability: false, timeouts: {implicit: 0, pageLoad: 300000, script: 30000}, unhandledPromptBehavior: dismiss and notify, webauthn:extension:credBlob: true, webauthn:extension:largeBlob: true, webauthn:extension:minPinLength: true, webauthn:extension:prf: true, webauthn:virtualAuthenticators: true}
Session ID: 8f76efe10356a9eb3201b5e99474a082
[ERROR] 21-06-2026 03:14:12 [main] [com.Ecommercee.utiles.actions.AlertActions] - Failed to accept alert no such alert
  (Session info: MicrosoftEdge=149.0.4022.80)
Build info: version: '4.43.0', revision: 'dd0f534'
System info: os.name: 'Windows 10', os.arch: 'amd64', os.version: '10.0', java.version: '24.0.1'
Driver info: org.openqa.selenium.edge.EdgeDriver
Command: [8f76efe10356a9eb3201b5e99474a082, getAlertText {}]
Capabilities {acceptInsecureCerts: true, browserName: MicrosoftEdge, browserVersion: 149.0.4022.80, fedcm:accounts: true, goog:processID: 13208, ms:edgeOptions: {debuggerAddress: localhost:62031}, msedge: {msedgedriverVersion: 149.0.4022.80 (2d040fee770f..., userDataDir: C:\Users\Sama7h\AppData\Loc...}, networkConnectionEnabled: false, pageLoadStrategy: eager, platformName: windows, proxy: Proxy(), se:cdp: ws://localhost:62031/devtoo..., se:cdpVersion: 149.0.4022.80, setWindowRect: true, strictFileInteractability: false, timeouts: {implicit: 0, pageLoad: 300000, script: 30000}, unhandledPromptBehavior: dismiss and notify, webauthn:extension:credBlob: true, webauthn:extension:largeBlob: true, webauthn:extension:minPinLength: true, webauthn:extension:prf: true, webauthn:virtualAuthenticators: true}
Session ID: 8f76efe10356a9eb3201b5e99474a082
[ERROR] 21-06-2026 03:14:13 [main] [com.Ecommercee.utiles.actions.AlertActions] - Failed to accept alert no such alert
  (Session info: MicrosoftEdge=149.0.4022.80)
Build info: version: '4.43.0', revision: 'dd0f534'
System info: os.name: 'Windows 10', os.arch: 'amd64', os.version: '10.0', java.version: '24.0.1'
Driver info: org.openqa.selenium.edge.EdgeDriver
Command: [8f76efe10356a9eb3201b5e99474a082, getAlertText {}]
Capabilities {acceptInsecureCerts: true, browserName: MicrosoftEdge, browserVersion: 149.0.4022.80, fedcm:accounts: true, goog:processID: 13208, ms:edgeOptions: {debuggerAddress: localhost:62031}, msedge: {msedgedriverVersion: 149.0.4022.80 (2d040fee770f..., userDataDir: C:\Users\Sama7h\AppData\Loc...}, networkConnectionEnabled: false, pageLoadStrategy: eager, platformName: windows, proxy: Proxy(), se:cdp: ws://localhost:62031/devtoo..., se:cdpVersion: 149.0.4022.80, setWindowRect: true, strictFileInteractability: false, timeouts: {implicit: 0, pageLoad: 300000, script: 30000}, unhandledPromptBehavior: dismiss and notify, webauthn:extension:credBlob: true, webauthn:extension:largeBlob: true, webauthn:extension:minPinLength: true, webauthn:extension:prf: true, webauthn:virtualAuthenticators: true}
Session ID: 8f76efe10356a9eb3201b5e99474a082
[ERROR] 21-06-2026 03:14:15 [main] [com.Ecommercee.utiles.actions.AlertActions] - Failed to accept alert no such alert
  (Session info: MicrosoftEdge=149.0.4022.80)
Build info: version: '4.43.0', revision: 'dd0f534'
System info: os.name: 'Windows 10', os.arch: 'amd64', os.version: '10.0', java.version: '24.0.1'
Driver info: org.openqa.selenium.edge.EdgeDriver
Command: [8f76efe10356a9eb3201b5e99474a082, getAlertText {}]
Capabilities {acceptInsecureCerts: true, browserName: MicrosoftEdge, browserVersion: 149.0.4022.80, fedcm:accounts: true, goog:processID: 13208, ms:edgeOptions: {debuggerAddress: localhost:62031}, msedge: {msedgedriverVersion: 149.0.4022.80 (2d040fee770f..., userDataDir: C:\Users\Sama7h\AppData\Loc...}, networkConnectionEnabled: false, pageLoadStrategy: eager, platformName: windows, proxy: Proxy(), se:cdp: ws://localhost:62031/devtoo..., se:cdpVersion: 149.0.4022.80, setWindowRect: true, strictFileInteractability: false, timeouts: {implicit: 0, pageLoad: 300000, script: 30000}, unhandledPromptBehavior: dismiss and notify, webauthn:extension:credBlob: true, webauthn:extension:largeBlob: true, webauthn:extension:minPinLength: true, webauthn:extension:prf: true, webauthn:virtualAuthenticators: true}
Session ID: 8f76efe10356a9eb3201b5e99474a082
[ERROR] 21-06-2026 03:14:16 [main] [com.Ecommercee.utiles.actions.AlertActions] - Failed to accept alert no such alert
  (Session info: MicrosoftEdge=149.0.4022.80)
Build info: version: '4.43.0', revision: 'dd0f534'
System info: os.name: 'Windows 10', os.arch: 'amd64', os.version: '10.0', java.version: '24.0.1'
Driver info: org.openqa.selenium.edge.EdgeDriver
Command: [8f76efe10356a9eb3201b5e99474a082, getAlertText {}]
Capabilities {acceptInsecureCerts: true, browserName: MicrosoftEdge, browserVersion: 149.0.4022.80, fedcm:accounts: true, goog:processID: 13208, ms:edgeOptions: {debuggerAddress: localhost:62031}, msedge: {msedgedriverVersion: 149.0.4022.80 (2d040fee770f..., userDataDir: C:\Users\Sama7h\AppData\Loc...}, networkConnectionEnabled: false, pageLoadStrategy: eager, platformName: windows, proxy: Proxy(), se:cdp: ws://localhost:62031/devtoo..., se:cdpVersion: 149.0.4022.80, setWindowRect: true, strictFileInteractability: false, timeouts: {implicit: 0, pageLoad: 300000, script: 30000}, unhandledPromptBehavior: dismiss and notify, webauthn:extension:credBlob: true, webauthn:extension:largeBlob: true, webauthn:extension:minPinLength: true, webauthn:extension:prf: true, webauthn:virtualAuthenticators: true}
Session ID: 8f76efe10356a9eb3201b5e99474a082
[ERROR] 21-06-2026 03:14:17 [main] [com.Ecommercee.utiles.actions.AlertActions] - Failed to accept alert no such alert
  (Session info: MicrosoftEdge=149.0.4022.80)
Build info: version: '4.43.0', revision: 'dd0f534'
System info: os.name: 'Windows 10', os.arch: 'amd64', os.version: '10.0', java.version: '24.0.1'
Driver info: org.openqa.selenium.edge.EdgeDriver
Command: [8f76efe10356a9eb3201b5e99474a082, getAlertText {}]
Capabilities {acceptInsecureCerts: true, browserName: MicrosoftEdge, browserVersion: 149.0.4022.80, fedcm:accounts: true, goog:processID: 13208, ms:edgeOptions: {debuggerAddress: localhost:62031}, msedge: {msedgedriverVersion: 149.0.4022.80 (2d040fee770f..., userDataDir: C:\Users\Sama7h\AppData\Loc...}, networkConnectionEnabled: false, pageLoadStrategy: eager, platformName: windows, proxy: Proxy(), se:cdp: ws://localhost:62031/devtoo..., se:cdpVersion: 149.0.4022.80, setWindowRect: true, strictFileInteractability: false, timeouts: {implicit: 0, pageLoad: 300000, script: 30000}, unhandledPromptBehavior: dismiss and notify, webauthn:extension:credBlob: true, webauthn:extension:largeBlob: true, webauthn:extension:minPinLength: true, webauthn:extension:prf: true, webauthn:virtualAuthenticators: true}
Session ID: 8f76efe10356a9eb3201b5e99474a082
[ERROR] 21-06-2026 03:14:18 [main] [com.Ecommercee.utiles.actions.AlertActions] - Failed to accept alert no such alert
  (Session info: MicrosoftEdge=149.0.4022.80)
Build info: version: '4.43.0', revision: 'dd0f534'
System info: os.name: 'Windows 10', os.arch: 'amd64', os.version: '10.0', java.version: '24.0.1'
Driver info: org.openqa.selenium.edge.EdgeDriver
Command: [8f76efe10356a9eb3201b5e99474a082, getAlertText {}]
Capabilities {acceptInsecureCerts: true, browserName: MicrosoftEdge, browserVersion: 149.0.4022.80, fedcm:accounts: true, goog:processID: 13208, ms:edgeOptions: {debuggerAddress: localhost:62031}, msedge: {msedgedriverVersion: 149.0.4022.80 (2d040fee770f..., userDataDir: C:\Users\Sama7h\AppData\Loc...}, networkConnectionEnabled: false, pageLoadStrategy: eager, platformName: windows, proxy: Proxy(), se:cdp: ws://localhost:62031/devtoo..., se:cdpVersion: 149.0.4022.80, setWindowRect: true, strictFileInteractability: false, timeouts: {implicit: 0, pageLoad: 300000, script: 30000}, unhandledPromptBehavior: dismiss and notify, webauthn:extension:credBlob: true, webauthn:extension:largeBlob: true, webauthn:extension:minPinLength: true, webauthn:extension:prf: true, webauthn:virtualAuthenticators: true}
Session ID: 8f76efe10356a9eb3201b5e99474a082
[ERROR] 21-06-2026 03:14:19 [main] [com.Ecommercee.utiles.actions.AlertActions] - Failed to accept alert no such alert
  (Session info: MicrosoftEdge=149.0.4022.80)
Build info: version: '4.43.0', revision: 'dd0f534'
System info: os.name: 'Windows 10', os.arch: 'amd64', os.version: '10.0', java.version: '24.0.1'
Driver info: org.openqa.selenium.edge.EdgeDriver
Command: [8f76efe10356a9eb3201b5e99474a082, getAlertText {}]
Capabilities {acceptInsecureCerts: true, browserName: MicrosoftEdge, browserVersion: 149.0.4022.80, fedcm:accounts: true, goog:processID: 13208, ms:edgeOptions: {debuggerAddress: localhost:62031}, msedge: {msedgedriverVersion: 149.0.4022.80 (2d040fee770f..., userDataDir: C:\Users\Sama7h\AppData\Loc...}, networkConnectionEnabled: false, pageLoadStrategy: eager, platformName: windows, proxy: Proxy(), se:cdp: ws://localhost:62031/devtoo..., se:cdpVersion: 149.0.4022.80, setWindowRect: true, strictFileInteractability: false, timeouts: {implicit: 0, pageLoad: 300000, script: 30000}, unhandledPromptBehavior: dismiss and notify, webauthn:extension:credBlob: true, webauthn:extension:largeBlob: true, webauthn:extension:minPinLength: true, webauthn:extension:prf: true, webauthn:virtualAuthenticators: true}
Session ID: 8f76efe10356a9eb3201b5e99474a082
[ERROR] 21-06-2026 03:14:20 [main] [com.Ecommercee.utiles.actions.AlertActions] - Failed to accept alert no such alert
  (Session info: MicrosoftEdge=149.0.4022.80)
Build info: version: '4.43.0', revision: 'dd0f534'
System info: os.name: 'Windows 10', os.arch: 'amd64', os.version: '10.0', java.version: '24.0.1'
Driver info: org.openqa.selenium.edge.EdgeDriver
Command: [8f76efe10356a9eb3201b5e99474a082, getAlertText {}]
Capabilities {acceptInsecureCerts: true, browserName: MicrosoftEdge, browserVersion: 149.0.4022.80, fedcm:accounts: true, goog:processID: 13208, ms:edgeOptions: {debuggerAddress: localhost:62031}, msedge: {msedgedriverVersion: 149.0.4022.80 (2d040fee770f..., userDataDir: C:\Users\Sama7h\AppData\Loc...}, networkConnectionEnabled: false, pageLoadStrategy: eager, platformName: windows, proxy: Proxy(), se:cdp: ws://localhost:62031/devtoo..., se:cdpVersion: 149.0.4022.80, setWindowRect: true, strictFileInteractability: false, timeouts: {implicit: 0, pageLoad: 300000, script: 30000}, unhandledPromptBehavior: dismiss and notify, webauthn:extension:credBlob: true, webauthn:extension:largeBlob: true, webauthn:extension:minPinLength: true, webauthn:extension:prf: true, webauthn:virtualAuthenticators: true}
Session ID: 8f76efe10356a9eb3201b5e99474a082
[TRACE] 21-06-2026 03:14:20 [main] [io.qameta.allure.util.ReflectionUtils] - Unable to read value via field actualDefined
java.lang.NoSuchFieldException: actualDefined
	at java.base/java.lang.Class.getField(Class.java:2070)
	at io.qameta.allure.util.ReflectionUtils.getFieldValue(ReflectionUtils.java:76)
	at io.qameta.allure.util.ReflectionUtils.getValue(ReflectionUtils.java:54)
	at io.qameta.allure.util.ReflectionUtils.getBooleanValue(ReflectionUtils.java:69)
	at io.qameta.allure.util.ResultsUtils.getRichErrorProperty(ResultsUtils.java:875)
	at io.qameta.allure.util.ResultsUtils.lambda$getStatusDetails$8(ResultsUtils.java:719)
	at java.base/java.util.Optional.map(Optional.java:260)
	at io.qameta.allure.util.ResultsUtils.getStatusDetails(ResultsUtils.java:711)
	at io.qameta.allure.testng.AllureTestNg.stopTestCase(AllureTestNg.java:474)
	at io.qameta.allure.testng.AllureTestNg.onTestFailure(AllureTestNg.java:470)
	at org.testng.internal.TestListenerHelper.runTestListeners(TestListenerHelper.java:115)
	at org.testng.internal.invokers.TestInvoker.runTestResultListener(TestInvoker.java:296)
	at org.testng.internal.invokers.TestInvoker.invokeMethod(TestInvoker.java:787)
	at org.testng.internal.invokers.TestInvoker.invokeTestMethod(TestInvoker.java:230)
	at org.testng.internal.invokers.MethodRunner.runInSequence(MethodRunner.java:63)
	at org.testng.internal.invokers.TestInvoker$MethodInvocationAgent.invoke(TestInvoker.java:1005)
	at org.testng.internal.invokers.TestInvoker.invokeTestMethods(TestInvoker.java:203)
	at org.testng.internal.invokers.TestMethodWorker.invokeTestMethods(TestMethodWorker.java:154)
	at org.testng.internal.invokers.TestMethodWorker.run(TestMethodWorker.java:134)
	at java.base/java.util.ArrayList.forEach(ArrayList.java:1604)
	at org.testng.TestRunner.privateRun(TestRunner.java:744)
	at org.testng.TestRunner.run(TestRunner.java:616)
	at org.testng.SuiteRunner.runTest(SuiteRunner.java:421)
	at org.testng.SuiteRunner.runSequentially(SuiteRunner.java:413)
	at org.testng.SuiteRunner.privateRun(SuiteRunner.java:373)
	at org.testng.SuiteRunner.run(SuiteRunner.java:312)
	at org.testng.SuiteRunnerWorker.runSuite(SuiteRunnerWorker.java:52)
	at org.testng.SuiteRunnerWorker.run(SuiteRunnerWorker.java:95)
	at org.testng.TestNG.runSuitesSequentially(TestNG.java:1274)
	at org.testng.TestNG.runSuitesLocally(TestNG.java:1208)
	at org.testng.TestNG.runSuites(TestNG.java:1112)
	at org.testng.TestNG.run(TestNG.java:1079)
	at com.intellij.rt.testng.IDEARemoteTestNG.run(IDEARemoteTestNG.java:65)
	at com.intellij.rt.testng.RemoteTestNGStarter.main(RemoteTestNGStarter.java:109)
[TRACE] 21-06-2026 03:14:20 [main] [io.qameta.allure.util.ReflectionUtils] - Unable to read value via field actual
java.lang.NoSuchFieldException: actual
	at java.base/java.lang.Class.getField(Class.java:2070)
	at io.qameta.allure.util.ReflectionUtils.getFieldValue(ReflectionUtils.java:76)
	at io.qameta.allure.util.ReflectionUtils.getValue(ReflectionUtils.java:54)
	at io.qameta.allure.util.ResultsUtils.getRichErrorProperty(ResultsUtils.java:884)
	at io.qameta.allure.util.ResultsUtils.lambda$getStatusDetails$8(ResultsUtils.java:719)
	at java.base/java.util.Optional.map(Optional.java:260)
	at io.qameta.allure.util.ResultsUtils.getStatusDetails(ResultsUtils.java:711)
	at io.qameta.allure.testng.AllureTestNg.stopTestCase(AllureTestNg.java:474)
	at io.qameta.allure.testng.AllureTestNg.onTestFailure(AllureTestNg.java:470)
	at org.testng.internal.TestListenerHelper.runTestListeners(TestListenerHelper.java:115)
	at org.testng.internal.invokers.TestInvoker.runTestResultListener(TestInvoker.java:296)
	at org.testng.internal.invokers.TestInvoker.invokeMethod(TestInvoker.java:787)
	at org.testng.internal.invokers.TestInvoker.invokeTestMethod(TestInvoker.java:230)
	at org.testng.internal.invokers.MethodRunner.runInSequence(MethodRunner.java:63)
	at org.testng.internal.invokers.TestInvoker$MethodInvocationAgent.invoke(TestInvoker.java:1005)
	at org.testng.internal.invokers.TestInvoker.invokeTestMethods(TestInvoker.java:203)
	at org.testng.internal.invokers.TestMethodWorker.invokeTestMethods(TestMethodWorker.java:154)
	at org.testng.internal.invokers.TestMethodWorker.run(TestMethodWorker.java:134)
	at java.base/java.util.ArrayList.forEach(ArrayList.java:1604)
	at org.testng.TestRunner.privateRun(TestRunner.java:744)
	at org.testng.TestRunner.run(TestRunner.java:616)
	at org.testng.SuiteRunner.runTest(SuiteRunner.java:421)
	at org.testng.SuiteRunner.runSequentially(SuiteRunner.java:413)
	at org.testng.SuiteRunner.privateRun(SuiteRunner.java:373)
	at org.testng.SuiteRunner.run(SuiteRunner.java:312)
	at org.testng.SuiteRunnerWorker.runSuite(SuiteRunnerWorker.java:52)
	at org.testng.SuiteRunnerWorker.run(SuiteRunnerWorker.java:95)
	at org.testng.TestNG.runSuitesSequentially(TestNG.java:1274)
	at org.testng.TestNG.runSuitesLocally(TestNG.java:1208)
	at org.testng.TestNG.runSuites(TestNG.java:1112)
	at org.testng.TestNG.run(TestNG.java:1079)
	at com.intellij.rt.testng.IDEARemoteTestNG.run(IDEARemoteTestNG.java:65)
	at com.intellij.rt.testng.RemoteTestNGStarter.main(RemoteTestNGStarter.java:109)
[TRACE] 21-06-2026 03:14:20 [main] [io.qameta.allure.util.ReflectionUtils] - Unable to read value via field expectedDefined
java.lang.NoSuchFieldException: expectedDefined
	at java.base/java.lang.Class.getField(Class.java:2070)
	at io.qameta.allure.util.ReflectionUtils.getFieldValue(ReflectionUtils.java:76)
	at io.qameta.allure.util.ReflectionUtils.getValue(ReflectionUtils.java:54)
	at io.qameta.allure.util.ReflectionUtils.getBooleanValue(ReflectionUtils.java:69)
	at io.qameta.allure.util.ResultsUtils.getRichErrorProperty(ResultsUtils.java:875)
	at io.qameta.allure.util.ResultsUtils.lambda$getStatusDetails$8(ResultsUtils.java:720)
	at java.base/java.util.Optional.map(Optional.java:260)
	at io.qameta.allure.util.ResultsUtils.getStatusDetails(ResultsUtils.java:711)
	at io.qameta.allure.testng.AllureTestNg.stopTestCase(AllureTestNg.java:474)
	at io.qameta.allure.testng.AllureTestNg.onTestFailure(AllureTestNg.java:470)
	at org.testng.internal.TestListenerHelper.runTestListeners(TestListenerHelper.java:115)
	at org.testng.internal.invokers.TestInvoker.runTestResultListener(TestInvoker.java:296)
	at org.testng.internal.invokers.TestInvoker.invokeMethod(TestInvoker.java:787)
	at org.testng.internal.invokers.TestInvoker.invokeTestMethod(TestInvoker.java:230)
	at org.testng.internal.invokers.MethodRunner.runInSequence(MethodRunner.java:63)
	at org.testng.internal.invokers.TestInvoker$MethodInvocationAgent.invoke(TestInvoker.java:1005)
	at org.testng.internal.invokers.TestInvoker.invokeTestMethods(TestInvoker.java:203)
	at org.testng.internal.invokers.TestMethodWorker.invokeTestMethods(TestMethodWorker.java:154)
	at org.testng.internal.invokers.TestMethodWorker.run(TestMethodWorker.java:134)
	at java.base/java.util.ArrayList.forEach(ArrayList.java:1604)
	at org.testng.TestRunner.privateRun(TestRunner.java:744)
	at org.testng.TestRunner.run(TestRunner.java:616)
	at org.testng.SuiteRunner.runTest(SuiteRunner.java:421)
	at org.testng.SuiteRunner.runSequentially(SuiteRunner.java:413)
	at org.testng.SuiteRunner.privateRun(SuiteRunner.java:373)
	at org.testng.SuiteRunner.run(SuiteRunner.java:312)
	at org.testng.SuiteRunnerWorker.runSuite(SuiteRunnerWorker.java:52)
	at org.testng.SuiteRunnerWorker.run(SuiteRunnerWorker.java:95)
	at org.testng.TestNG.runSuitesSequentially(TestNG.java:1274)
	at org.testng.TestNG.runSuitesLocally(TestNG.java:1208)
	at org.testng.TestNG.runSuites(TestNG.java:1112)
	at org.testng.TestNG.run(TestNG.java:1079)
	at com.intellij.rt.testng.IDEARemoteTestNG.run(IDEARemoteTestNG.java:65)
	at com.intellij.rt.testng.RemoteTestNGStarter.main(RemoteTestNGStarter.java:109)
[TRACE] 21-06-2026 03:14:20 [main] [io.qameta.allure.util.ReflectionUtils] - Unable to read value via field expected
java.lang.NoSuchFieldException: expected
	at java.base/java.lang.Class.getField(Class.java:2070)
	at io.qameta.allure.util.ReflectionUtils.getFieldValue(ReflectionUtils.java:76)
	at io.qameta.allure.util.ReflectionUtils.getValue(ReflectionUtils.java:54)
	at io.qameta.allure.util.ResultsUtils.getRichErrorProperty(ResultsUtils.java:884)
	at io.qameta.allure.util.ResultsUtils.lambda$getStatusDetails$8(ResultsUtils.java:720)
	at java.base/java.util.Optional.map(Optional.java:260)
	at io.qameta.allure.util.ResultsUtils.getStatusDetails(ResultsUtils.java:711)
	at io.qameta.allure.testng.AllureTestNg.stopTestCase(AllureTestNg.java:474)
	at io.qameta.allure.testng.AllureTestNg.onTestFailure(AllureTestNg.java:470)
	at org.testng.internal.TestListenerHelper.runTestListeners(TestListenerHelper.java:115)
	at org.testng.internal.invokers.TestInvoker.runTestResultListener(TestInvoker.java:296)
	at org.testng.internal.invokers.TestInvoker.invokeMethod(TestInvoker.java:787)
	at org.testng.internal.invokers.TestInvoker.invokeTestMethod(TestInvoker.java:230)
	at org.testng.internal.invokers.MethodRunner.runInSequence(MethodRunner.java:63)
	at org.testng.internal.invokers.TestInvoker$MethodInvocationAgent.invoke(TestInvoker.java:1005)
	at org.testng.internal.invokers.TestInvoker.invokeTestMethods(TestInvoker.java:203)
	at org.testng.internal.invokers.TestMethodWorker.invokeTestMethods(TestMethodWorker.java:154)
	at org.testng.internal.invokers.TestMethodWorker.run(TestMethodWorker.java:134)
	at java.base/java.util.ArrayList.forEach(ArrayList.java:1604)
	at org.testng.TestRunner.privateRun(TestRunner.java:744)
	at org.testng.TestRunner.run(TestRunner.java:616)
	at org.testng.SuiteRunner.runTest(SuiteRunner.java:421)
	at org.testng.SuiteRunner.runSequentially(SuiteRunner.java:413)
	at org.testng.SuiteRunner.privateRun(SuiteRunner.java:373)
	at org.testng.SuiteRunner.run(SuiteRunner.java:312)
	at org.testng.SuiteRunnerWorker.runSuite(SuiteRunnerWorker.java:52)
	at org.testng.SuiteRunnerWorker.run(SuiteRunnerWorker.java:95)
	at org.testng.TestNG.runSuitesSequentially(TestNG.java:1274)
	at org.testng.TestNG.runSuitesLocally(TestNG.java:1208)
	at org.testng.TestNG.runSuites(TestNG.java:1112)
	at org.testng.TestNG.run(TestNG.java:1079)
	at com.intellij.rt.testng.IDEARemoteTestNG.run(IDEARemoteTestNG.java:65)
	at com.intellij.rt.testng.RemoteTestNGStarter.main(RemoteTestNGStarter.java:109)
