[DEBUG] 18-06-2026 17:26:15 [main] [org.testng.TestNG] - suiteXmlPath: "C:\Users\Sama7h\AppData\Local\JetBrains\IntelliJIdea2026.1\temp-testng-customsuite.xml"
[TRACE] 18-06-2026 17:26:17 [main] [org.testng.internal.Graph] - [Graph] ADDING NODE RegisterTests.setup()[pri:0, instance:null] -626968702
[TRACE] 18-06-2026 17:26:17 [main] [org.testng.internal.Graph] - [Graph] ================ SORTING
[TRACE] 18-06-2026 17:26:17 [main] [org.testng.internal.Graph] - [Graph] =============== DONE SORTING
[TRACE] 18-06-2026 17:26:17 [main] [org.testng.internal.Graph] - [Graph] ====== SORTED NODES
[TRACE] 18-06-2026 17:26:17 [main] [org.testng.internal.Graph] - [Graph] ====== END SORTED NODES
[TRACE] 18-06-2026 17:26:17 [main] [org.testng.internal.Graph] - [Graph] ADDING NODE RegisterTests.tearDown()[pri:0, instance:null] 1089460057
[TRACE] 18-06-2026 17:26:17 [main] [org.testng.internal.Graph] - [Graph] ================ SORTING
[TRACE] 18-06-2026 17:26:17 [main] [org.testng.internal.Graph] - [Graph] =============== DONE SORTING
[TRACE] 18-06-2026 17:26:17 [main] [org.testng.internal.Graph] - [Graph] ====== SORTED NODES
[TRACE] 18-06-2026 17:26:17 [main] [org.testng.internal.Graph] - [Graph] ====== END SORTED NODES
[TRACE] 18-06-2026 17:26:17 [main] [org.testng.internal.Graph] - [Graph] ADDING NODE RegisterTests.newUser()[pri:0, instance:RegisterTests@21eee94f] -1422111973
[TRACE] 18-06-2026 17:26:17 [main] [org.testng.internal.Graph] - [Graph] ================ SORTING
[TRACE] 18-06-2026 17:26:17 [main] [org.testng.internal.Graph] - [Graph] =============== DONE SORTING
[TRACE] 18-06-2026 17:26:17 [main] [org.testng.internal.Graph] - [Graph] ====== SORTED NODES
[TRACE] 18-06-2026 17:26:17 [main] [org.testng.internal.Graph] - [Graph] ====== END SORTED NODES
[INFO] 18-06-2026 17:26:17 [main] [org.testng.internal.Utils] - [TestNG] Running:
  C:\Users\Sama7h\AppData\Local\JetBrains\IntelliJIdea2026.1\temp-testng-customsuite.xml

[INFO] 18-06-2026 17:26:17 [main] [com.Ecommercee.drivers.GUIDriver] - Initializing driver for browser: Edge
[INFO] 18-06-2026 17:26:25 [main] [com.Ecommercee.utiles.actions.BrowserActions] - Navigating to URL: https://automationexercise.com/login
[DEBUG] 18-06-2026 17:26:26 [main] [com.jayway.jsonpath.internal.path.CompiledPath] - Evaluating path: $['name']
[DEBUG] 18-06-2026 17:26:26 [main] [com.jayway.jsonpath.internal.path.CompiledPath] - Evaluating path: $['email']
[INFO] 18-06-2026 17:26:27 [main] [com.Ecommercee.utiles.actions.ElementActions] - Typed text 'Automation_Test' into element: By.cssSelector: [data-qa='signup-name']
[INFO] 18-06-2026 17:26:27 [main] [com.Ecommercee.utiles.actions.ElementActions] - Typed text 'samahsameh_2026-06-18_17-26-26@gmail.com' into element: By.cssSelector: [data-qa='signup-email']
[INFO] 18-06-2026 17:26:28 [main] [com.Ecommercee.utiles.actions.ElementActions] - Clicked on element: By.cssSelector: [data-qa='signup-button']
[DEBUG] 18-06-2026 17:26:28 [main] [com.jayway.jsonpath.internal.path.CompiledPath] - Evaluating path: $['titleMale']
[DEBUG] 18-06-2026 17:26:28 [main] [com.jayway.jsonpath.internal.path.CompiledPath] - Evaluating path: $['password']
[DEBUG] 18-06-2026 17:26:28 [main] [com.jayway.jsonpath.internal.path.CompiledPath] - Evaluating path: $['day']
[DEBUG] 18-06-2026 17:26:28 [main] [com.jayway.jsonpath.internal.path.CompiledPath] - Evaluating path: $['month']
[DEBUG] 18-06-2026 17:26:28 [main] [com.jayway.jsonpath.internal.path.CompiledPath] - Evaluating path: $['year']
[DEBUG] 18-06-2026 17:26:28 [main] [com.jayway.jsonpath.internal.path.CompiledPath] - Evaluating path: $['firstName']
[DEBUG] 18-06-2026 17:26:28 [main] [com.jayway.jsonpath.internal.path.CompiledPath] - Evaluating path: $['lastName']
[DEBUG] 18-06-2026 17:26:28 [main] [com.jayway.jsonpath.internal.path.CompiledPath] - Evaluating path: $['company']
[DEBUG] 18-06-2026 17:26:28 [main] [com.jayway.jsonpath.internal.path.CompiledPath] - Evaluating path: $['address1']
[DEBUG] 18-06-2026 17:26:28 [main] [com.jayway.jsonpath.internal.path.CompiledPath] - Evaluating path: $['address2']
[DEBUG] 18-06-2026 17:26:28 [main] [com.jayway.jsonpath.internal.path.CompiledPath] - Evaluating path: $['country']
[DEBUG] 18-06-2026 17:26:28 [main] [com.jayway.jsonpath.internal.path.CompiledPath] - Evaluating path: $['state']
[DEBUG] 18-06-2026 17:26:28 [main] [com.jayway.jsonpath.internal.path.CompiledPath] - Evaluating path: $['city']
[DEBUG] 18-06-2026 17:26:28 [main] [com.jayway.jsonpath.internal.path.CompiledPath] - Evaluating path: $['zipcode']
[DEBUG] 18-06-2026 17:26:28 [main] [com.jayway.jsonpath.internal.path.CompiledPath] - Evaluating path: $['mobilePhone']
[INFO] 18-06-2026 17:26:29 [main] [com.Ecommercee.utiles.actions.ElementActions] - Clicked on element: By.id: id_gender1
[INFO] 18-06-2026 17:26:29 [main] [com.Ecommercee.utiles.actions.ElementActions] - Typed text 'Test1234' into element: By.cssSelector: [data-qa='password']
[INFO] 18-06-2026 17:26:30 [main] [com.Ecommercee.utiles.actions.ElementActions] - Selected option '1' from dropdown: By.cssSelector: [data-qa='days']
[INFO] 18-06-2026 17:26:31 [main] [com.Ecommercee.utiles.actions.ElementActions] - Selected option 'January' from dropdown: By.cssSelector: [data-qa='months']
[INFO] 18-06-2026 17:26:31 [main] [com.Ecommercee.utiles.actions.ElementActions] - Selected option '1990' from dropdown: By.cssSelector: [data-qa='years']
[INFO] 18-06-2026 17:26:31 [main] [com.Ecommercee.utiles.actions.ElementActions] - Clicked on element: By.id: newsletter
[INFO] 18-06-2026 17:26:31 [main] [com.Ecommercee.utiles.actions.ElementActions] - Clicked on element: By.id: optin
[INFO] 18-06-2026 17:26:32 [main] [com.Ecommercee.utiles.actions.ElementActions] - Typed text 'Automation' into element: By.cssSelector: [data-qa='first_name']
[INFO] 18-06-2026 17:26:32 [main] [com.Ecommercee.utiles.actions.ElementActions] - Typed text 'Test' into element: By.cssSelector: [data-qa='last_name']
[INFO] 18-06-2026 17:26:32 [main] [com.Ecommercee.utiles.actions.ElementActions] - Typed text 'Automation Test Company' into element: By.cssSelector: [data-qa='company']
[INFO] 18-06-2026 17:26:33 [main] [com.Ecommercee.utiles.actions.ElementActions] - Typed text '123 Automation Street' into element: By.cssSelector: [data-qa='address']
[INFO] 18-06-2026 17:26:33 [main] [com.Ecommercee.utiles.actions.ElementActions] - Typed text 'Suite 100' into element: By.cssSelector: [data-qa='address2']
[INFO] 18-06-2026 17:26:33 [main] [com.Ecommercee.utiles.actions.ElementActions] - Selected option 'United States' from dropdown: By.cssSelector: [data-qa='country']
[INFO] 18-06-2026 17:26:34 [main] [com.Ecommercee.utiles.actions.ElementActions] - Typed text 'California' into element: By.cssSelector: [data-qa='state']
[INFO] 18-06-2026 17:26:34 [main] [com.Ecommercee.utiles.actions.ElementActions] - Typed text 'Automation City' into element: By.cssSelector: [data-qa='city']
[INFO] 18-06-2026 17:26:34 [main] [com.Ecommercee.utiles.actions.ElementActions] - Typed text '12345' into element: By.cssSelector: [data-qa='zipcode']
[INFO] 18-06-2026 17:26:34 [main] [com.Ecommercee.utiles.actions.ElementActions] - Typed text '1234567890' into element: By.cssSelector: [data-qa='mobile_number']
[INFO] 18-06-2026 17:26:37 [main] [com.Ecommercee.utiles.actions.ElementActions] - Clicked on element: By.cssSelector: [data-qa='create-account']
[DEBUG] 18-06-2026 17:26:37 [main] [com.jayway.jsonpath.internal.path.CompiledPath] - Evaluating path: $['messages']['accountCreatedMsg']
[INFO] 18-06-2026 17:26:39 [main] [com.Ecommercee.utiles.actions.ElementActions] - Clicked on element: By.cssSelector: [data-qa="continue-button"]
