[DEBUG] 21-06-2026 00:54:47 [main] [org.testng.TestNG] - suiteXmlPath: "C:\Users\Sama7h\AppData\Local\JetBrains\IntelliJIdea2026.1\temp-testng-customsuite.xml"
[TRACE] 21-06-2026 00:54:49 [main] [org.testng.internal.Graph] - [Graph] ADDING NODE CartTests.setup()[pri:0, instance:null] -2063151909
[TRACE] 21-06-2026 00:54:49 [main] [org.testng.internal.Graph] - [Graph] ================ SORTING
[TRACE] 21-06-2026 00:54:49 [main] [org.testng.internal.Graph] - [Graph] =============== DONE SORTING
[TRACE] 21-06-2026 00:54:49 [main] [org.testng.internal.Graph] - [Graph] ====== SORTED NODES
[TRACE] 21-06-2026 00:54:49 [main] [org.testng.internal.Graph] - [Graph] ====== END SORTED NODES
[TRACE] 21-06-2026 00:54:49 [main] [org.testng.internal.Graph] - [Graph] ADDING NODE CartTests.tearDown()[pri:0, instance:null] 524823812
[TRACE] 21-06-2026 00:54:49 [main] [org.testng.internal.Graph] - [Graph] ================ SORTING
[TRACE] 21-06-2026 00:54:49 [main] [org.testng.internal.Graph] - [Graph] =============== DONE SORTING
[TRACE] 21-06-2026 00:54:49 [main] [org.testng.internal.Graph] - [Graph] ====== SORTED NODES
[TRACE] 21-06-2026 00:54:49 [main] [org.testng.internal.Graph] - [Graph] ====== END SORTED NODES
[TRACE] 21-06-2026 00:54:49 [main] [org.testng.internal.Graph] - [Graph] ADDING NODE CartTests.tc4()[pri:0, instance:CartTests@2740e316] 338086387
[TRACE] 21-06-2026 00:54:49 [main] [org.testng.internal.Graph] - [Graph]   ADDING PREDECESSOR FOR CartTests.tc4()[pri:0, instance:CartTests@2740e316] ==> CartTests.tc3()[pri:0, instance:CartTests@2740e316]
[TRACE] 21-06-2026 00:54:49 [main] [org.testng.internal.Graph] - [Graph]   REMOVED CartTests.tc3()[pri:0, instance:CartTests@2740e316] FROM INDEPENDENT OBJECTS
[TRACE] 21-06-2026 00:54:49 [main] [org.testng.internal.Graph] - [Graph] ADDING NODE CartTests.tc3()[pri:0, instance:CartTests@2740e316] 338086418
[TRACE] 21-06-2026 00:54:49 [main] [org.testng.internal.Graph] - [Graph] ================ SORTING
[TRACE] 21-06-2026 00:54:49 [ForkJoinPool.commonPool-worker-1] [org.testng.internal.Graph] - [Graph]   ADDING PREDECESSOR FOR CartTests.tc4()[pri:0, instance:CartTests@2740e316] ==> CartTests.tc3()[pri:0, instance:CartTests@2740e316]
[TRACE] 21-06-2026 00:54:49 [main] [org.testng.internal.Graph] - [Graph]   REMOVED PRED CartTests.tc3()[pri:0, instance:CartTests@2740e316] FROM NODE CartTests.tc4()[pri:0, instance:CartTests@2740e316]
[TRACE] 21-06-2026 00:54:49 [main] [org.testng.internal.Graph] - [Graph] =============== DONE SORTING
[TRACE] 21-06-2026 00:54:49 [main] [org.testng.internal.Graph] - [Graph] ====== SORTED NODES
[TRACE] 21-06-2026 00:54:49 [main] [org.testng.internal.Graph] - [Graph]               CartTests.tc3()[pri:0, instance:CartTests@2740e316]
[TRACE] 21-06-2026 00:54:49 [main] [org.testng.internal.Graph] - [Graph]               CartTests.tc4()[pri:0, instance:CartTests@2740e316]
[TRACE] 21-06-2026 00:54:49 [main] [org.testng.internal.Graph] - [Graph] ====== END SORTED NODES
[INFO] 21-06-2026 00:54:49 [main] [org.testng.internal.Utils] - [TestNG] Running:
  C:\Users\Sama7h\AppData\Local\JetBrains\IntelliJIdea2026.1\temp-testng-customsuite.xml

[INFO] 21-06-2026 00:54:50 [main] [com.Ecommercee.drivers.GUIDriver] - Initializing driver for browser: Edge
[INFO] 21-06-2026 00:54:57 [main] [com.Ecommercee.utiles.actions.BrowserActions] - Navigating to URL: https://automationexercise.com/products
[INFO] 21-06-2026 00:54:59 [main] [com.Ecommercee.utiles.actions.ElementActions] - Clicked on element: By.xpath: (//a[contains(text(),'View Product')])[1]
[INFO] 21-06-2026 00:54:59 [main] [com.Ecommercee.utiles.actions.ElementActions] - Clicked on element: By.cssSelector: button.cart
[INFO] 21-06-2026 00:55:01 [main] [com.Ecommercee.utiles.actions.ElementActions] - Clicked on element: By.xpath: //u[text()='View Cart']
[INFO] 21-06-2026 00:55:02 [main] [com.Ecommercee.utiles.actions.ElementActions] - Clicked on element: By.cssSelector: .btn.btn-default.check_out
[INFO] 21-06-2026 00:55:02 [main] [com.Ecommercee.utiles.actions.ElementActions] - Clicked on element: By.xpath: //u[text()='Register / Login']
[INFO] 21-06-2026 00:55:02 [main] [com.Ecommercee.Pages.P_AdPage] - No ad displayed
[DEBUG] 21-06-2026 00:55:02 [main] [com.jayway.jsonpath.internal.path.CompiledPath] - Evaluating path: $['validEmail']
[DEBUG] 21-06-2026 00:55:02 [main] [com.jayway.jsonpath.internal.path.CompiledPath] - Evaluating path: $['validPassword']
[INFO] 21-06-2026 00:55:03 [main] [com.Ecommercee.utiles.actions.ElementActions] - Typed text 'testerqaeng@gmail.com' into element: By.cssSelector: [data-qa='login-email']
[INFO] 21-06-2026 00:55:03 [main] [com.Ecommercee.utiles.actions.ElementActions] - Typed text 'Test@123' into element: By.cssSelector: [data-qa='login-password']
[INFO] 21-06-2026 00:55:04 [main] [com.Ecommercee.utiles.actions.ElementActions] - Clicked on element: By.cssSelector: [data-qa='login-button']
[INFO] 21-06-2026 00:55:06 [main] [com.Ecommercee.utiles.actions.ElementActions] - Clicked on element: By.xpath: //*[normalize-space(text())='Cart']
[INFO] 21-06-2026 00:55:08 [main] [com.Ecommercee.utiles.actions.ElementActions] - Clicked on element: By.cssSelector: .btn.btn-default.check_out
[INFO] 21-06-2026 00:55:10 [main] [com.Ecommercee.utiles.actions.ElementActions] - Typed text 'comment' into element: By.name: message
[INFO] 21-06-2026 00:55:11 [main] [com.Ecommercee.utiles.actions.ElementActions] - Clicked on element: By.xpath: //a[contains(text(),'Place Order')]
[INFO] 21-06-2026 00:55:11 [main] [com.Ecommercee.Pages.P_AdPage] - No ad displayed
[TRACE] 21-06-2026 00:55:21 [main] [io.qameta.allure.util.ReflectionUtils] - Unable to read value via field actualDefined
java.lang.NoSuchFieldException: actualDefined
	at java.base/java.lang.Class.getField(Class.java:2070)
	at io.qameta.allure.util.ReflectionUtils.getFieldValue(ReflectionUtils.java:76)
	at io.qameta.allure.util.ReflectionUtils.getValue(ReflectionUtils.java:54)
	at io.qameta.allure.util.ReflectionUtils.getBooleanValue(ReflectionUtils.java:69)
	at io.qameta.allure.util.ResultsUtils.getRichErrorProperty(ResultsUtils.java:875)
	at io.qameta.allure.util.ResultsUtils.lambda$getStatusDetails$8(ResultsUtils.java:719)
	at java.base/java.util.Optional.map(Optional.java:260)
	at io.qameta.allure.util.ResultsUtils.getStatusDetails(ResultsUtils.java:711)
	at io.qameta.allure.aspects.StepsAspects.lambda$stepFailed$0(StepsAspects.java:106)
	at io.qameta.allure.AllureLifecycle.updateStep(AllureLifecycle.java:520)
	at io.qameta.allure.AllureLifecycle.updateStep(AllureLifecycle.java:501)
	at io.qameta.allure.aspects.StepsAspects.stepFailed(StepsAspects.java:103)
	at com.Ecommercee.Pages.PaymentPage.verifyOrderPlacedMessageIsVisible(PaymentPage.java:80)
	at CartTests.tc4(CartTests.java:85)
	at java.base/jdk.internal.reflect.DirectMethodHandleAccessor.invoke(DirectMethodHandleAccessor.java:104)
	at java.base/java.lang.reflect.Method.invoke(Method.java:565)
	at org.testng.internal.invokers.MethodInvocationHelper.invokeMethod(MethodInvocationHelper.java:141)
	at org.testng.internal.invokers.TestInvoker.invokeMethod(TestInvoker.java:697)
	at org.testng.internal.invokers.TestInvoker.invokeTestMethod(TestInvoker.java:230)
	at org.testng.internal.invokers.MethodRunner.runInSequence(MethodRunner.java:63)
	at org.testng.internal.invokers.TestInvoker$MethodInvocationAgent.invoke(TestInvoker.java:1005)
	at org.testng.internal.invokers.TestInvoker.invokeTestMethods(TestInvoker.java:203)
	at org.testng.internal.invokers.TestMethodWorker.invokeTestMethods(TestMethodWorker.java:154)
	at org.testng.internal.invokers.TestMethodWorker.run(TestMethodWorker.java:134)
	at java.base/java.util.ArrayList.forEach(ArrayList.java:1604)
	at org.testng.TestRunner.privateRun(TestRunner.java:744)
	at org.testng.TestRunner.run(TestRunner.java:616)
	at org.testng.SuiteRunner.runTest(SuiteRunner.java:421)
	at org.testng.SuiteRunner.runSequentially(SuiteRunner.java:413)
	at org.testng.SuiteRunner.privateRun(SuiteRunner.java:373)
	at org.testng.SuiteRunner.run(SuiteRunner.java:312)
	at org.testng.SuiteRunnerWorker.runSuite(SuiteRunnerWorker.java:52)
	at org.testng.SuiteRunnerWorker.run(SuiteRunnerWorker.java:95)
	at org.testng.TestNG.runSuitesSequentially(TestNG.java:1274)
	at org.testng.TestNG.runSuitesLocally(TestNG.java:1208)
	at org.testng.TestNG.runSuites(TestNG.java:1112)
	at org.testng.TestNG.run(TestNG.java:1079)
	at com.intellij.rt.testng.IDEARemoteTestNG.run(IDEARemoteTestNG.java:65)
	at com.intellij.rt.testng.RemoteTestNGStarter.main(RemoteTestNGStarter.java:109)
[TRACE] 21-06-2026 00:55:21 [main] [io.qameta.allure.util.ReflectionUtils] - Unable to read value via field actual
java.lang.NoSuchFieldException: actual
	at java.base/java.lang.Class.getField(Class.java:2070)
	at io.qameta.allure.util.ReflectionUtils.getFieldValue(ReflectionUtils.java:76)
	at io.qameta.allure.util.ReflectionUtils.getValue(ReflectionUtils.java:54)
	at io.qameta.allure.util.ResultsUtils.getRichErrorProperty(ResultsUtils.java:884)
	at io.qameta.allure.util.ResultsUtils.lambda$getStatusDetails$8(ResultsUtils.java:719)
	at java.base/java.util.Optional.map(Optional.java:260)
	at io.qameta.allure.util.ResultsUtils.getStatusDetails(ResultsUtils.java:711)
	at io.qameta.allure.aspects.StepsAspects.lambda$stepFailed$0(StepsAspects.java:106)
	at io.qameta.allure.AllureLifecycle.updateStep(AllureLifecycle.java:520)
	at io.qameta.allure.AllureLifecycle.updateStep(AllureLifecycle.java:501)
	at io.qameta.allure.aspects.StepsAspects.stepFailed(StepsAspects.java:103)
	at com.Ecommercee.Pages.PaymentPage.verifyOrderPlacedMessageIsVisible(PaymentPage.java:80)
	at CartTests.tc4(CartTests.java:85)
	at java.base/jdk.internal.reflect.DirectMethodHandleAccessor.invoke(DirectMethodHandleAccessor.java:104)
	at java.base/java.lang.reflect.Method.invoke(Method.java:565)
	at org.testng.internal.invokers.MethodInvocationHelper.invokeMethod(MethodInvocationHelper.java:141)
	at org.testng.internal.invokers.TestInvoker.invokeMethod(TestInvoker.java:697)
	at org.testng.internal.invokers.TestInvoker.invokeTestMethod(TestInvoker.java:230)
	at org.testng.internal.invokers.MethodRunner.runInSequence(MethodRunner.java:63)
	at org.testng.internal.invokers.TestInvoker$MethodInvocationAgent.invoke(TestInvoker.java:1005)
	at org.testng.internal.invokers.TestInvoker.invokeTestMethods(TestInvoker.java:203)
	at org.testng.internal.invokers.TestMethodWorker.invokeTestMethods(TestMethodWorker.java:154)
	at org.testng.internal.invokers.TestMethodWorker.run(TestMethodWorker.java:134)
	at java.base/java.util.ArrayList.forEach(ArrayList.java:1604)
	at org.testng.TestRunner.privateRun(TestRunner.java:744)
	at org.testng.TestRunner.run(TestRunner.java:616)
	at org.testng.SuiteRunner.runTest(SuiteRunner.java:421)
	at org.testng.SuiteRunner.runSequentially(SuiteRunner.java:413)
	at org.testng.SuiteRunner.privateRun(SuiteRunner.java:373)
	at org.testng.SuiteRunner.run(SuiteRunner.java:312)
	at org.testng.SuiteRunnerWorker.runSuite(SuiteRunnerWorker.java:52)
	at org.testng.SuiteRunnerWorker.run(SuiteRunnerWorker.java:95)
	at org.testng.TestNG.runSuitesSequentially(TestNG.java:1274)
	at org.testng.TestNG.runSuitesLocally(TestNG.java:1208)
	at org.testng.TestNG.runSuites(TestNG.java:1112)
	at org.testng.TestNG.run(TestNG.java:1079)
	at com.intellij.rt.testng.IDEARemoteTestNG.run(IDEARemoteTestNG.java:65)
	at com.intellij.rt.testng.RemoteTestNGStarter.main(RemoteTestNGStarter.java:109)
[TRACE] 21-06-2026 00:55:21 [main] [io.qameta.allure.util.ReflectionUtils] - Unable to read value via field expectedDefined
java.lang.NoSuchFieldException: expectedDefined
	at java.base/java.lang.Class.getField(Class.java:2070)
	at io.qameta.allure.util.ReflectionUtils.getFieldValue(ReflectionUtils.java:76)
	at io.qameta.allure.util.ReflectionUtils.getValue(ReflectionUtils.java:54)
	at io.qameta.allure.util.ReflectionUtils.getBooleanValue(ReflectionUtils.java:69)
	at io.qameta.allure.util.ResultsUtils.getRichErrorProperty(ResultsUtils.java:875)
	at io.qameta.allure.util.ResultsUtils.lambda$getStatusDetails$8(ResultsUtils.java:720)
	at java.base/java.util.Optional.map(Optional.java:260)
	at io.qameta.allure.util.ResultsUtils.getStatusDetails(ResultsUtils.java:711)
	at io.qameta.allure.aspects.StepsAspects.lambda$stepFailed$0(StepsAspects.java:106)
	at io.qameta.allure.AllureLifecycle.updateStep(AllureLifecycle.java:520)
	at io.qameta.allure.AllureLifecycle.updateStep(AllureLifecycle.java:501)
	at io.qameta.allure.aspects.StepsAspects.stepFailed(StepsAspects.java:103)
	at com.Ecommercee.Pages.PaymentPage.verifyOrderPlacedMessageIsVisible(PaymentPage.java:80)
	at CartTests.tc4(CartTests.java:85)
	at java.base/jdk.internal.reflect.DirectMethodHandleAccessor.invoke(DirectMethodHandleAccessor.java:104)
	at java.base/java.lang.reflect.Method.invoke(Method.java:565)
	at org.testng.internal.invokers.MethodInvocationHelper.invokeMethod(MethodInvocationHelper.java:141)
	at org.testng.internal.invokers.TestInvoker.invokeMethod(TestInvoker.java:697)
	at org.testng.internal.invokers.TestInvoker.invokeTestMethod(TestInvoker.java:230)
	at org.testng.internal.invokers.MethodRunner.runInSequence(MethodRunner.java:63)
	at org.testng.internal.invokers.TestInvoker$MethodInvocationAgent.invoke(TestInvoker.java:1005)
	at org.testng.internal.invokers.TestInvoker.invokeTestMethods(TestInvoker.java:203)
	at org.testng.internal.invokers.TestMethodWorker.invokeTestMethods(TestMethodWorker.java:154)
	at org.testng.internal.invokers.TestMethodWorker.run(TestMethodWorker.java:134)
	at java.base/java.util.ArrayList.forEach(ArrayList.java:1604)
	at org.testng.TestRunner.privateRun(TestRunner.java:744)
	at org.testng.TestRunner.run(TestRunner.java:616)
	at org.testng.SuiteRunner.runTest(SuiteRunner.java:421)
	at org.testng.SuiteRunner.runSequentially(SuiteRunner.java:413)
	at org.testng.SuiteRunner.privateRun(SuiteRunner.java:373)
	at org.testng.SuiteRunner.run(SuiteRunner.java:312)
	at org.testng.SuiteRunnerWorker.runSuite(SuiteRunnerWorker.java:52)
	at org.testng.SuiteRunnerWorker.run(SuiteRunnerWorker.java:95)
	at org.testng.TestNG.runSuitesSequentially(TestNG.java:1274)
	at org.testng.TestNG.runSuitesLocally(TestNG.java:1208)
	at org.testng.TestNG.runSuites(TestNG.java:1112)
	at org.testng.TestNG.run(TestNG.java:1079)
	at com.intellij.rt.testng.IDEARemoteTestNG.run(IDEARemoteTestNG.java:65)
	at com.intellij.rt.testng.RemoteTestNGStarter.main(RemoteTestNGStarter.java:109)
[TRACE] 21-06-2026 00:55:21 [main] [io.qameta.allure.util.ReflectionUtils] - Unable to read value via field expected
java.lang.NoSuchFieldException: expected
	at java.base/java.lang.Class.getField(Class.java:2070)
	at io.qameta.allure.util.ReflectionUtils.getFieldValue(ReflectionUtils.java:76)
	at io.qameta.allure.util.ReflectionUtils.getValue(ReflectionUtils.java:54)
	at io.qameta.allure.util.ResultsUtils.getRichErrorProperty(ResultsUtils.java:884)
	at io.qameta.allure.util.ResultsUtils.lambda$getStatusDetails$8(ResultsUtils.java:720)
	at java.base/java.util.Optional.map(Optional.java:260)
	at io.qameta.allure.util.ResultsUtils.getStatusDetails(ResultsUtils.java:711)
	at io.qameta.allure.aspects.StepsAspects.lambda$stepFailed$0(StepsAspects.java:106)
	at io.qameta.allure.AllureLifecycle.updateStep(AllureLifecycle.java:520)
	at io.qameta.allure.AllureLifecycle.updateStep(AllureLifecycle.java:501)
	at io.qameta.allure.aspects.StepsAspects.stepFailed(StepsAspects.java:103)
	at com.Ecommercee.Pages.PaymentPage.verifyOrderPlacedMessageIsVisible(PaymentPage.java:80)
	at CartTests.tc4(CartTests.java:85)
	at java.base/jdk.internal.reflect.DirectMethodHandleAccessor.invoke(DirectMethodHandleAccessor.java:104)
	at java.base/java.lang.reflect.Method.invoke(Method.java:565)
	at org.testng.internal.invokers.MethodInvocationHelper.invokeMethod(MethodInvocationHelper.java:141)
	at org.testng.internal.invokers.TestInvoker.invokeMethod(TestInvoker.java:697)
	at org.testng.internal.invokers.TestInvoker.invokeTestMethod(TestInvoker.java:230)
	at org.testng.internal.invokers.MethodRunner.runInSequence(MethodRunner.java:63)
	at org.testng.internal.invokers.TestInvoker$MethodInvocationAgent.invoke(TestInvoker.java:1005)
	at org.testng.internal.invokers.TestInvoker.invokeTestMethods(TestInvoker.java:203)
	at org.testng.internal.invokers.TestMethodWorker.invokeTestMethods(TestMethodWorker.java:154)
	at org.testng.internal.invokers.TestMethodWorker.run(TestMethodWorker.java:134)
	at java.base/java.util.ArrayList.forEach(ArrayList.java:1604)
	at org.testng.TestRunner.privateRun(TestRunner.java:744)
	at org.testng.TestRunner.run(TestRunner.java:616)
	at org.testng.SuiteRunner.runTest(SuiteRunner.java:421)
	at org.testng.SuiteRunner.runSequentially(SuiteRunner.java:413)
	at org.testng.SuiteRunner.privateRun(SuiteRunner.java:373)
	at org.testng.SuiteRunner.run(SuiteRunner.java:312)
	at org.testng.SuiteRunnerWorker.runSuite(SuiteRunnerWorker.java:52)
	at org.testng.SuiteRunnerWorker.run(SuiteRunnerWorker.java:95)
	at org.testng.TestNG.runSuitesSequentially(TestNG.java:1274)
	at org.testng.TestNG.runSuitesLocally(TestNG.java:1208)
	at org.testng.TestNG.runSuites(TestNG.java:1112)
	at org.testng.TestNG.run(TestNG.java:1079)
	at com.intellij.rt.testng.IDEARemoteTestNG.run(IDEARemoteTestNG.java:65)
	at com.intellij.rt.testng.RemoteTestNGStarter.main(RemoteTestNGStarter.java:109)
[TRACE] 21-06-2026 00:55:21 [main] [io.qameta.allure.util.ReflectionUtils] - Unable to read value via field actualDefined
java.lang.NoSuchFieldException: actualDefined
	at java.base/java.lang.Class.getField(Class.java:2070)
	at io.qameta.allure.util.ReflectionUtils.getFieldValue(ReflectionUtils.java:76)
	at io.qameta.allure.util.ReflectionUtils.getValue(ReflectionUtils.java:54)
	at io.qameta.allure.util.ReflectionUtils.getBooleanValue(ReflectionUtils.java:69)
	at io.qameta.allure.util.ResultsUtils.getRichErrorProperty(ResultsUtils.java:875)
	at io.qameta.allure.util.ResultsUtils.lambda$getStatusDetails$8(ResultsUtils.java:719)
	at java.base/java.util.Optional.map(Optional.java:260)
	at io.qameta.allure.util.ResultsUtils.getStatusDetails(ResultsUtils.java:711)
	at io.qameta.allure.testng.AllureTestNg.stopTestCase(AllureTestNg.java:474)
	at io.qameta.allure.testng.AllureTestNg.onTestFailure(AllureTestNg.java:470)
	at org.testng.internal.TestListenerHelper.runTestListeners(TestListenerHelper.java:115)
	at org.testng.internal.invokers.TestInvoker.runTestResultListener(TestInvoker.java:296)
	at org.testng.internal.invokers.TestInvoker.invokeMethod(TestInvoker.java:787)
	at org.testng.internal.invokers.TestInvoker.invokeTestMethod(TestInvoker.java:230)
	at org.testng.internal.invokers.MethodRunner.runInSequence(MethodRunner.java:63)
	at org.testng.internal.invokers.TestInvoker$MethodInvocationAgent.invoke(TestInvoker.java:1005)
	at org.testng.internal.invokers.TestInvoker.invokeTestMethods(TestInvoker.java:203)
	at org.testng.internal.invokers.TestMethodWorker.invokeTestMethods(TestMethodWorker.java:154)
	at org.testng.internal.invokers.TestMethodWorker.run(TestMethodWorker.java:134)
	at java.base/java.util.ArrayList.forEach(ArrayList.java:1604)
	at org.testng.TestRunner.privateRun(TestRunner.java:744)
	at org.testng.TestRunner.run(TestRunner.java:616)
	at org.testng.SuiteRunner.runTest(SuiteRunner.java:421)
	at org.testng.SuiteRunner.runSequentially(SuiteRunner.java:413)
	at org.testng.SuiteRunner.privateRun(SuiteRunner.java:373)
	at org.testng.SuiteRunner.run(SuiteRunner.java:312)
	at org.testng.SuiteRunnerWorker.runSuite(SuiteRunnerWorker.java:52)
	at org.testng.SuiteRunnerWorker.run(SuiteRunnerWorker.java:95)
	at org.testng.TestNG.runSuitesSequentially(TestNG.java:1274)
	at org.testng.TestNG.runSuitesLocally(TestNG.java:1208)
	at org.testng.TestNG.runSuites(TestNG.java:1112)
	at org.testng.TestNG.run(TestNG.java:1079)
	at com.intellij.rt.testng.IDEARemoteTestNG.run(IDEARemoteTestNG.java:65)
	at com.intellij.rt.testng.RemoteTestNGStarter.main(RemoteTestNGStarter.java:109)
[TRACE] 21-06-2026 00:55:21 [main] [io.qameta.allure.util.ReflectionUtils] - Unable to read value via field actual
java.lang.NoSuchFieldException: actual
	at java.base/java.lang.Class.getField(Class.java:2070)
	at io.qameta.allure.util.ReflectionUtils.getFieldValue(ReflectionUtils.java:76)
	at io.qameta.allure.util.ReflectionUtils.getValue(ReflectionUtils.java:54)
	at io.qameta.allure.util.ResultsUtils.getRichErrorProperty(ResultsUtils.java:884)
	at io.qameta.allure.util.ResultsUtils.lambda$getStatusDetails$8(ResultsUtils.java:719)
	at java.base/java.util.Optional.map(Optional.java:260)
	at io.qameta.allure.util.ResultsUtils.getStatusDetails(ResultsUtils.java:711)
	at io.qameta.allure.testng.AllureTestNg.stopTestCase(AllureTestNg.java:474)
	at io.qameta.allure.testng.AllureTestNg.onTestFailure(AllureTestNg.java:470)
	at org.testng.internal.TestListenerHelper.runTestListeners(TestListenerHelper.java:115)
	at org.testng.internal.invokers.TestInvoker.runTestResultListener(TestInvoker.java:296)
	at org.testng.internal.invokers.TestInvoker.invokeMethod(TestInvoker.java:787)
	at org.testng.internal.invokers.TestInvoker.invokeTestMethod(TestInvoker.java:230)
	at org.testng.internal.invokers.MethodRunner.runInSequence(MethodRunner.java:63)
	at org.testng.internal.invokers.TestInvoker$MethodInvocationAgent.invoke(TestInvoker.java:1005)
	at org.testng.internal.invokers.TestInvoker.invokeTestMethods(TestInvoker.java:203)
	at org.testng.internal.invokers.TestMethodWorker.invokeTestMethods(TestMethodWorker.java:154)
	at org.testng.internal.invokers.TestMethodWorker.run(TestMethodWorker.java:134)
	at java.base/java.util.ArrayList.forEach(ArrayList.java:1604)
	at org.testng.TestRunner.privateRun(TestRunner.java:744)
	at org.testng.TestRunner.run(TestRunner.java:616)
	at org.testng.SuiteRunner.runTest(SuiteRunner.java:421)
	at org.testng.SuiteRunner.runSequentially(SuiteRunner.java:413)
	at org.testng.SuiteRunner.privateRun(SuiteRunner.java:373)
	at org.testng.SuiteRunner.run(SuiteRunner.java:312)
	at org.testng.SuiteRunnerWorker.runSuite(SuiteRunnerWorker.java:52)
	at org.testng.SuiteRunnerWorker.run(SuiteRunnerWorker.java:95)
	at org.testng.TestNG.runSuitesSequentially(TestNG.java:1274)
	at org.testng.TestNG.runSuitesLocally(TestNG.java:1208)
	at org.testng.TestNG.runSuites(TestNG.java:1112)
	at org.testng.TestNG.run(TestNG.java:1079)
	at com.intellij.rt.testng.IDEARemoteTestNG.run(IDEARemoteTestNG.java:65)
	at com.intellij.rt.testng.RemoteTestNGStarter.main(RemoteTestNGStarter.java:109)
[TRACE] 21-06-2026 00:55:21 [main] [io.qameta.allure.util.ReflectionUtils] - Unable to read value via field expectedDefined
java.lang.NoSuchFieldException: expectedDefined
	at java.base/java.lang.Class.getField(Class.java:2070)
	at io.qameta.allure.util.ReflectionUtils.getFieldValue(ReflectionUtils.java:76)
	at io.qameta.allure.util.ReflectionUtils.getValue(ReflectionUtils.java:54)
	at io.qameta.allure.util.ReflectionUtils.getBooleanValue(ReflectionUtils.java:69)
	at io.qameta.allure.util.ResultsUtils.getRichErrorProperty(ResultsUtils.java:875)
	at io.qameta.allure.util.ResultsUtils.lambda$getStatusDetails$8(ResultsUtils.java:720)
	at java.base/java.util.Optional.map(Optional.java:260)
	at io.qameta.allure.util.ResultsUtils.getStatusDetails(ResultsUtils.java:711)
	at io.qameta.allure.testng.AllureTestNg.stopTestCase(AllureTestNg.java:474)
	at io.qameta.allure.testng.AllureTestNg.onTestFailure(AllureTestNg.java:470)
	at org.testng.internal.TestListenerHelper.runTestListeners(TestListenerHelper.java:115)
	at org.testng.internal.invokers.TestInvoker.runTestResultListener(TestInvoker.java:296)
	at org.testng.internal.invokers.TestInvoker.invokeMethod(TestInvoker.java:787)
	at org.testng.internal.invokers.TestInvoker.invokeTestMethod(TestInvoker.java:230)
	at org.testng.internal.invokers.MethodRunner.runInSequence(MethodRunner.java:63)
	at org.testng.internal.invokers.TestInvoker$MethodInvocationAgent.invoke(TestInvoker.java:1005)
	at org.testng.internal.invokers.TestInvoker.invokeTestMethods(TestInvoker.java:203)
	at org.testng.internal.invokers.TestMethodWorker.invokeTestMethods(TestMethodWorker.java:154)
	at org.testng.internal.invokers.TestMethodWorker.run(TestMethodWorker.java:134)
	at java.base/java.util.ArrayList.forEach(ArrayList.java:1604)
	at org.testng.TestRunner.privateRun(TestRunner.java:744)
	at org.testng.TestRunner.run(TestRunner.java:616)
	at org.testng.SuiteRunner.runTest(SuiteRunner.java:421)
	at org.testng.SuiteRunner.runSequentially(SuiteRunner.java:413)
	at org.testng.SuiteRunner.privateRun(SuiteRunner.java:373)
	at org.testng.SuiteRunner.run(SuiteRunner.java:312)
	at org.testng.SuiteRunnerWorker.runSuite(SuiteRunnerWorker.java:52)
	at org.testng.SuiteRunnerWorker.run(SuiteRunnerWorker.java:95)
	at org.testng.TestNG.runSuitesSequentially(TestNG.java:1274)
	at org.testng.TestNG.runSuitesLocally(TestNG.java:1208)
	at org.testng.TestNG.runSuites(TestNG.java:1112)
	at org.testng.TestNG.run(TestNG.java:1079)
	at com.intellij.rt.testng.IDEARemoteTestNG.run(IDEARemoteTestNG.java:65)
	at com.intellij.rt.testng.RemoteTestNGStarter.main(RemoteTestNGStarter.java:109)
[TRACE] 21-06-2026 00:55:21 [main] [io.qameta.allure.util.ReflectionUtils] - Unable to read value via field expected
java.lang.NoSuchFieldException: expected
	at java.base/java.lang.Class.getField(Class.java:2070)
	at io.qameta.allure.util.ReflectionUtils.getFieldValue(ReflectionUtils.java:76)
	at io.qameta.allure.util.ReflectionUtils.getValue(ReflectionUtils.java:54)
	at io.qameta.allure.util.ResultsUtils.getRichErrorProperty(ResultsUtils.java:884)
	at io.qameta.allure.util.ResultsUtils.lambda$getStatusDetails$8(ResultsUtils.java:720)
	at java.base/java.util.Optional.map(Optional.java:260)
	at io.qameta.allure.util.ResultsUtils.getStatusDetails(ResultsUtils.java:711)
	at io.qameta.allure.testng.AllureTestNg.stopTestCase(AllureTestNg.java:474)
	at io.qameta.allure.testng.AllureTestNg.onTestFailure(AllureTestNg.java:470)
	at org.testng.internal.TestListenerHelper.runTestListeners(TestListenerHelper.java:115)
	at org.testng.internal.invokers.TestInvoker.runTestResultListener(TestInvoker.java:296)
	at org.testng.internal.invokers.TestInvoker.invokeMethod(TestInvoker.java:787)
	at org.testng.internal.invokers.TestInvoker.invokeTestMethod(TestInvoker.java:230)
	at org.testng.internal.invokers.MethodRunner.runInSequence(MethodRunner.java:63)
	at org.testng.internal.invokers.TestInvoker$MethodInvocationAgent.invoke(TestInvoker.java:1005)
	at org.testng.internal.invokers.TestInvoker.invokeTestMethods(TestInvoker.java:203)
	at org.testng.internal.invokers.TestMethodWorker.invokeTestMethods(TestMethodWorker.java:154)
	at org.testng.internal.invokers.TestMethodWorker.run(TestMethodWorker.java:134)
	at java.base/java.util.ArrayList.forEach(ArrayList.java:1604)
	at org.testng.TestRunner.privateRun(TestRunner.java:744)
	at org.testng.TestRunner.run(TestRunner.java:616)
	at org.testng.SuiteRunner.runTest(SuiteRunner.java:421)
	at org.testng.SuiteRunner.runSequentially(SuiteRunner.java:413)
	at org.testng.SuiteRunner.privateRun(SuiteRunner.java:373)
	at org.testng.SuiteRunner.run(SuiteRunner.java:312)
	at org.testng.SuiteRunnerWorker.runSuite(SuiteRunnerWorker.java:52)
	at org.testng.SuiteRunnerWorker.run(SuiteRunnerWorker.java:95)
	at org.testng.TestNG.runSuitesSequentially(TestNG.java:1274)
	at org.testng.TestNG.runSuitesLocally(TestNG.java:1208)
	at org.testng.TestNG.runSuites(TestNG.java:1112)
	at org.testng.TestNG.run(TestNG.java:1079)
	at com.intellij.rt.testng.IDEARemoteTestNG.run(IDEARemoteTestNG.java:65)
	at com.intellij.rt.testng.RemoteTestNGStarter.main(RemoteTestNGStarter.java:109)
